#
# There is insufficient memory for the Java Runtime Environment to continue.
# Native memory allocation (malloc) failed to allocate 1112176 bytes. Error detail: Chunk::new
# Possible reasons:
#   The system is out of physical RAM or swap space
#   This process is running with CompressedOops enabled, and the Java Heap may be blocking the growth of the native heap
# Possible solutions:
#   Reduce memory load on the system
#   Increase physical memory or swap space
#   Check if swap backing store is full
#   Decrease Java heap size (-Xmx/-Xms)
#   Decrease number of Java threads
#   Decrease Java thread stack sizes (-Xss)
#   Set larger code cache with -XX:ReservedCodeCacheSize=
#   JVM is running with Zero Based Compressed Oops mode in which the Java heap is
#     placed in the first 32GB address space. The Java Heap base address is the
#     maximum limit for the native heap growth. Please use -XX:HeapBaseMinAddress
#     to set the Java Heap base and to place the Java Heap above 32GB virtual address.
# This output file may be truncated or incomplete.
#
#  Out of Memory Error (arena.cpp:168), pid=18324, tid=15020
#
# JRE version: OpenJDK Runtime Environment Temurin-21.0.10+7 (21.0.10+7) (build 21.0.10+7-LTS)
# Java VM: OpenJDK 64-Bit Server VM Temurin-21.0.10+7 (21.0.10+7-LTS, mixed mode, sharing, tiered, compressed oops, compressed class ptrs, g1 gc, windows-amd64)
# No core dump will be written. Minidumps are not enabled by default on client versions of Windows
#

---------------  S U M M A R Y ------------

Command Line: --add-opens=java.base/java.lang=ALL-UNNAMED --add-opens=java.base/java.lang.invoke=ALL-UNNAMED --add-opens=java.base/java.util=ALL-UNNAMED --add-opens=java.prefs/java.util.prefs=ALL-UNNAMED --add-exports=jdk.compiler/com.sun.tools.javac.api=ALL-UNNAMED --add-exports=jdk.compiler/com.sun.tools.javac.util=ALL-UNNAMED --add-opens=java.base/java.util=ALL-UNNAMED --add-opens=java.prefs/java.util.prefs=ALL-UNNAMED --add-opens=java.base/java.nio.charset=ALL-UNNAMED --add-opens=java.base/java.net=ALL-UNNAMED --add-opens=java.base/java.util.concurrent.atomic=ALL-UNNAMED --add-opens=java.xml/javax.xml.namespace=ALL-UNNAMED -XX:MaxMetaspaceSize=4G -XX:ReservedCodeCacheSize=512m -XX:+HeapDumpOnOutOfMemoryError -Xmx8G -Dfile.encoding=UTF-8 -Duser.country=US -Duser.language=en -Duser.variant -javaagent:C:\Users\WINDOWS 11\.gradle\wrapper\dists\gradle-8.14-all\c2qonpi39x1mddn7hk5gh9iqj\gradle-8.14\lib\agents\gradle-instrumentation-agent-8.14.jar org.gradle.launcher.daemon.bootstrap.GradleDaemon 8.14

Host: AMD Ryzen 3 3250U with Radeon Graphics         , 4 cores, 5G,  Windows 11 , 64 bit Build 22621 (10.0.22621.5415)
Time: Thu Mar 26 22:03:51 2026 SE Asia Standard Time elapsed time: 153.444030 seconds (0d 0h 2m 33s)

---------------  T H R E A D  ---------------

Current thread (0x000001accc976390):  JavaThread "C2 CompilerThread0" daemon [_thread_in_native, id=15020, stack(0x000000aad8100000,0x000000aad8200000) (1024K)]


Current CompileTask:
C2:153444 13690       4       org.gradle.internal.instantiation.generator.AbstractClassGenerator::inspectType (602 bytes)

Stack: [0x000000aad8100000,0x000000aad8200000]
Native frames: (J=compiled Java code, j=interpreted, Vv=VM code, C=native code)
V  [jvm.dll+0x6d7a39]
V  [jvm.dll+0x8b4b26]
V  [jvm.dll+0x8b70de]
V  [jvm.dll+0x8b77c3]
V  [jvm.dll+0x284346]
V  [jvm.dll+0xc66ed]
V  [jvm.dll+0xc6c31]
V  [jvm.dll+0x2fb29e]
V  [jvm.dll+0x5fe884]
V  [jvm.dll+0x255b17]
V  [jvm.dll+0x24e12a]
V  [jvm.dll+0x24ba42]
V  [jvm.dll+0x1cb34e]
V  [jvm.dll+0x25b85d]
V  [jvm.dll+0x259dea]
V  [jvm.dll+0x3f857e]
V  [jvm.dll+0x85f59d]
V  [jvm.dll+0x6d626d]
C  [ucrtbase.dll+0x29333]
C  [KERNEL32.DLL+0x1259d]
C  [ntdll.dll+0x5af78]


---------------  P R O C E S S  ---------------

Threads class SMR info:
_java_thread_list=0x000001ad186ae350, length=76, elements={
0x000001ac9d151bf0, 0x000001accc96a770, 0x000001accc96b840, 0x000001accc9716d0,
0x000001accc972130, 0x000001accc974ba0, 0x000001accc975600, 0x000001accc976390,
0x000001accc97d6d0, 0x000001ad1427d220, 0x000001ad1426cb40, 0x000001ad14c6bc10,
0x000001ad14f08540, 0x000001ad1424eea0, 0x000001ad158628c0, 0x000001ad1417a560,
0x000001ad15638620, 0x000001ad15b794e0, 0x000001ad15b7bc40, 0x000001ad15b787c0,
0x000001ad15b79b70, 0x000001ad15b7b5b0, 0x000001ad15b7a200, 0x000001ad15b7a890,
0x000001ad15b7af20, 0x000001ad16cd7aa0, 0x000001ad16cd6060, 0x000001ad16cd8130,
0x000001ad16cd7410, 0x000001ad16cd59d0, 0x000001ad16cd6d80, 0x000001ad17d72f00,
0x000001ad17d74940, 0x000001ad17d77dc0, 0x000001ad17d73590, 0x000001ad17d73c20,
0x000001ad17d78450, 0x000001ad17d77730, 0x000001ad17d74fd0, 0x000001ad17d71b50,
0x000001ad17d75660, 0x000001ad17d770a0, 0x000001ad17d79170, 0x000001ad17d76380,
0x000001ad18d248b0, 0x000001ad18d24f40, 0x000001ad18d20da0, 0x000001ad18d262f0,
0x000001ad18d255d0, 0x000001ad18d22e70, 0x000001ad18d23500, 0x000001ad18d26980,
0x000001ad18d21430, 0x000001ad18d276a0, 0x000001ad18d21ac0, 0x000001ad18d24220,
0x000001ad18d23b90, 0x000001ad18d20710, 0x000001ad18d27d30, 0x000001ad18d227e0,
0x000001ad18d1dc50, 0x000001ad18d19ab0, 0x000001ad18d18700, 0x000001ad18d1f690,
0x000001ad18d1fd20, 0x000001ad18d1a7d0, 0x000001ad18d1d5c0, 0x000001ad18d1b4f0,
0x000001ad18d1bb80, 0x000001ad18d1e2e0, 0x000001ad18d1c210, 0x000001ad18d1c8a0,
0x000001ad18d1cf30, 0x000001ad18d1e970, 0x000001ad18d1f000, 0x000001ad18753a30
}

Java Threads: ( => current thread )
  0x000001ac9d151bf0 JavaThread "main"                              [_thread_blocked, id=46572, stack(0x000000aad7300000,0x000000aad7400000) (1024K)]
  0x000001accc96a770 JavaThread "Reference Handler"          daemon [_thread_blocked, id=49276, stack(0x000000aad7b00000,0x000000aad7c00000) (1024K)]
  0x000001accc96b840 JavaThread "Finalizer"                  daemon [_thread_blocked, id=11128, stack(0x000000aad7c00000,0x000000aad7d00000) (1024K)]
  0x000001accc9716d0 JavaThread "Signal Dispatcher"          daemon [_thread_blocked, id=21172, stack(0x000000aad7d00000,0x000000aad7e00000) (1024K)]
  0x000001accc972130 JavaThread "Attach Listener"            daemon [_thread_blocked, id=19524, stack(0x000000aad7e00000,0x000000aad7f00000) (1024K)]
  0x000001accc974ba0 JavaThread "Service Thread"             daemon [_thread_blocked, id=42240, stack(0x000000aad7f00000,0x000000aad8000000) (1024K)]
  0x000001accc975600 JavaThread "Monitor Deflation Thread"   daemon [_thread_blocked, id=41580, stack(0x000000aad8000000,0x000000aad8100000) (1024K)]
=>0x000001accc976390 JavaThread "C2 CompilerThread0"         daemon [_thread_in_native, id=15020, stack(0x000000aad8100000,0x000000aad8200000) (1024K)]
  0x000001accc97d6d0 JavaThread "C1 CompilerThread0"         daemon [_thread_blocked, id=19428, stack(0x000000aad8200000,0x000000aad8300000) (1024K)]
  0x000001ad1427d220 JavaThread "Common-Cleaner"             daemon [_thread_blocked, id=33168, stack(0x000000aad8300000,0x000000aad8400000) (1024K)]
  0x000001ad1426cb40 JavaThread "Notification Thread"        daemon [_thread_blocked, id=30508, stack(0x000000aad8400000,0x000000aad8500000) (1024K)]
  0x000001ad14c6bc10 JavaThread "Daemon health stats"               [_thread_blocked, id=39796, stack(0x000000aad8800000,0x000000aad8900000) (1024K)]
  0x000001ad14f08540 JavaThread "Incoming local TCP Connector on port 64139"        [_thread_in_native, id=60372, stack(0x000000aad8900000,0x000000aad8a00000) (1024K)]
  0x000001ad1424eea0 JavaThread "Daemon periodic checks"            [_thread_blocked, id=26804, stack(0x000000aad8a00000,0x000000aad8b00000) (1024K)]
  0x000001ad158628c0 JavaThread "Daemon"                            [_thread_blocked, id=17020, stack(0x000000aad8b00000,0x000000aad8c00000) (1024K)]
  0x000001ad1417a560 JavaThread "Handler for socket connection from /127.0.0.1:64139 to /127.0.0.1:64140"        [_thread_in_native, id=55976, stack(0x000000aad8c00000,0x000000aad8d00000) (1024K)]
  0x000001ad15638620 JavaThread "Cancel handler"                    [_thread_blocked, id=20664, stack(0x000000aad8d00000,0x000000aad8e00000) (1024K)]
  0x000001ad15b794e0 JavaThread "Daemon worker"                     [_thread_in_native, id=56760, stack(0x000000aad8e00000,0x000000aad8f00000) (1024K)]
  0x000001ad15b7bc40 JavaThread "Asynchronous log dispatcher for DefaultDaemonConnection: socket connection from /127.0.0.1:64139 to /127.0.0.1:64140"        [_thread_blocked, id=64448, stack(0x000000aad8f00000,0x000000aad9000000) (1024K)]
  0x000001ad15b787c0 JavaThread "Stdin handler"                     [_thread_blocked, id=48916, stack(0x000000aad9000000,0x000000aad9100000) (1024K)]
  0x000001ad15b79b70 JavaThread "Daemon client event forwarder"        [_thread_blocked, id=34356, stack(0x000000aad9100000,0x000000aad9200000) (1024K)]
  0x000001ad15b7b5b0 JavaThread "Cache worker for journal cache (C:\Users\WINDOWS 11\.gradle\caches\journal-1)"        [_thread_blocked, id=18100, stack(0x000000aad9200000,0x000000aad9300000) (1024K)]
  0x000001ad15b7a200 JavaThread "File lock request listener"        [_thread_in_native, id=14812, stack(0x000000aad9300000,0x000000aad9400000) (1024K)]
  0x000001ad15b7a890 JavaThread "Cache worker for file hash cache (C:\Users\WINDOWS 11\.gradle\caches\8.14\fileHashes)"        [_thread_blocked, id=63328, stack(0x000000aad9400000,0x000000aad9500000) (1024K)]
  0x000001ad15b7af20 JavaThread "Cache worker for file hash cache (F:\DATA_E\code\smartApp\myapplication\android\.gradle\8.14\fileHashes)"        [_thread_blocked, id=44936, stack(0x000000aad9500000,0x000000aad9600000) (1024K)]
  0x000001ad16cd7aa0 JavaThread "Cache worker for Build Output Cleanup Cache (F:\DATA_E\code\smartApp\myapplication\android\.gradle\buildOutputCleanup)"        [_thread_blocked, id=11920, stack(0x000000aad9600000,0x000000aad9700000) (1024K)]
  0x000001ad16cd6060 JavaThread "File watcher server"        daemon [_thread_in_native, id=24504, stack(0x000000aad9700000,0x000000aad9800000) (1024K)]
  0x000001ad16cd8130 JavaThread "File watcher consumer"      daemon [_thread_blocked, id=37704, stack(0x000000aad9800000,0x000000aad9900000) (1024K)]
  0x000001ad16cd7410 JavaThread "Cache worker for checksums cache (F:\DATA_E\code\smartApp\myapplication\android\.gradle\8.14\checksums)"        [_thread_blocked, id=44528, stack(0x000000aad9900000,0x000000aad9a00000) (1024K)]
  0x000001ad16cd59d0 JavaThread "Cache worker for file content cache (C:\Users\WINDOWS 11\.gradle\caches\8.14\fileContent)"        [_thread_blocked, id=28604, stack(0x000000aad9a00000,0x000000aad9b00000) (1024K)]
  0x000001ad16cd6d80 JavaThread "Cache worker for cache directory md-supplier (C:\Users\WINDOWS 11\.gradle\caches\8.14\md-supplier)"        [_thread_blocked, id=28904, stack(0x000000aad9b00000,0x000000aad9c00000) (1024K)]
  0x000001ad17d72f00 JavaThread "Cache worker for cache directory md-rule (C:\Users\WINDOWS 11\.gradle\caches\8.14\md-rule)"        [_thread_blocked, id=37424, stack(0x000000aad9c00000,0x000000aad9d00000) (1024K)]
  0x000001ad17d74940 JavaThread "Cache worker for Build Output Cleanup Cache (C:\flutter\packages\flutter_tools\gradle\.gradle\buildOutputCleanup)"        [_thread_blocked, id=36948, stack(0x000000aad9d00000,0x000000aad9e00000) (1024K)]
  0x000001ad17d77dc0 JavaThread "Unconstrained build operations"        [_thread_blocked, id=26924, stack(0x000000aad9e00000,0x000000aad9f00000) (1024K)]
  0x000001ad17d73590 JavaThread "Unconstrained build operations Thread 2"        [_thread_blocked, id=49500, stack(0x000000aad9f00000,0x000000aada000000) (1024K)]
  0x000001ad17d73c20 JavaThread "Unconstrained build operations Thread 3"        [_thread_blocked, id=44816, stack(0x000000aada000000,0x000000aada100000) (1024K)]
  0x000001ad17d78450 JavaThread "Unconstrained build operations Thread 4"        [_thread_blocked, id=25540, stack(0x000000aada100000,0x000000aada200000) (1024K)]
  0x000001ad17d77730 JavaThread "Unconstrained build operations Thread 5"        [_thread_blocked, id=16664, stack(0x000000aada200000,0x000000aada300000) (1024K)]
  0x000001ad17d74fd0 JavaThread "Unconstrained build operations Thread 6"        [_thread_blocked, id=23168, stack(0x000000aada300000,0x000000aada400000) (1024K)]
  0x000001ad17d71b50 JavaThread "Unconstrained build operations Thread 7"        [_thread_blocked, id=55924, stack(0x000000aada400000,0x000000aada500000) (1024K)]
  0x000001ad17d75660 JavaThread "Unconstrained build operations Thread 8"        [_thread_blocked, id=65516, stack(0x000000aada500000,0x000000aada600000) (1024K)]
  0x000001ad17d770a0 JavaThread "Unconstrained build operations Thread 9"        [_thread_blocked, id=29600, stack(0x000000aada600000,0x000000aada700000) (1024K)]
  0x000001ad17d79170 JavaThread "Memory manager"                    [_thread_blocked, id=35676, stack(0x000000aada700000,0x000000aada800000) (1024K)]
  0x000001ad17d76380 JavaThread "build event listener"              [_thread_blocked, id=21608, stack(0x000000aada800000,0x000000aada900000) (1024K)]
  0x000001ad18d248b0 JavaThread "included builds"                   [_thread_blocked, id=4788, stack(0x000000aada900000,0x000000aadaa00000) (1024K)]
  0x000001ad18d24f40 JavaThread "Execution worker"                  [_thread_blocked, id=54028, stack(0x000000aadaa00000,0x000000aadab00000) (1024K)]
  0x000001ad18d20da0 JavaThread "Execution worker Thread 2"         [_thread_blocked, id=2660, stack(0x000000aadab00000,0x000000aadac00000) (1024K)]
  0x000001ad18d262f0 JavaThread "Execution worker Thread 3"         [_thread_blocked, id=64708, stack(0x000000aadac00000,0x000000aadad00000) (1024K)]
  0x000001ad18d255d0 JavaThread "Cache worker for execution history cache (C:\flutter\packages\flutter_tools\gradle\.gradle\8.14\executionHistory)"        [_thread_blocked, id=34472, stack(0x000000aadad00000,0x000000aadae00000) (1024K)]
  0x000001ad18d22e70 JavaThread "Unconstrained build operations Thread 10"        [_thread_blocked, id=11080, stack(0x000000aadae00000,0x000000aadaf00000) (1024K)]
  0x000001ad18d23500 JavaThread "Unconstrained build operations Thread 11"        [_thread_blocked, id=57136, stack(0x000000aadaf00000,0x000000aadb000000) (1024K)]
  0x000001ad18d26980 JavaThread "Unconstrained build operations Thread 12"        [_thread_blocked, id=30672, stack(0x000000aadb000000,0x000000aadb100000) (1024K)]
  0x000001ad18d21430 JavaThread "Unconstrained build operations Thread 13"        [_thread_blocked, id=36364, stack(0x000000aadb100000,0x000000aadb200000) (1024K)]
  0x000001ad18d276a0 JavaThread "Unconstrained build operations Thread 14"        [_thread_blocked, id=24808, stack(0x000000aadb200000,0x000000aadb300000) (1024K)]
  0x000001ad18d21ac0 JavaThread "Unconstrained build operations Thread 15"        [_thread_blocked, id=21868, stack(0x000000aadb300000,0x000000aadb400000) (1024K)]
  0x000001ad18d24220 JavaThread "Unconstrained build operations Thread 16"        [_thread_blocked, id=21360, stack(0x000000aadb400000,0x000000aadb500000) (1024K)]
  0x000001ad18d23b90 JavaThread "Unconstrained build operations Thread 17"        [_thread_blocked, id=27724, stack(0x000000aadb500000,0x000000aadb600000) (1024K)]
  0x000001ad18d20710 JavaThread "Unconstrained build operations Thread 18"        [_thread_blocked, id=8420, stack(0x000000aadb600000,0x000000aadb700000) (1024K)]
  0x000001ad18d27d30 JavaThread "Unconstrained build operations Thread 19"        [_thread_blocked, id=18252, stack(0x000000aadb700000,0x000000aadb800000) (1024K)]
  0x000001ad18d227e0 JavaThread "Unconstrained build operations Thread 20"        [_thread_blocked, id=8384, stack(0x000000aadb800000,0x000000aadb900000) (1024K)]
  0x000001ad18d1dc50 JavaThread "WorkerExecutor Queue"              [_thread_blocked, id=62580, stack(0x000000aadb900000,0x000000aadba00000) (1024K)]
  0x000001ad18d19ab0 JavaThread "RMI Scheduler(0)"           daemon [_thread_blocked, id=57920, stack(0x000000aad7100000,0x000000aad7200000) (1024K)]
  0x000001ad18d18700 JavaThread "RMI GC Daemon"              daemon [_thread_blocked, id=39052, stack(0x000000aadbb00000,0x000000aadbc00000) (1024K)]
  0x000001ad18d1f690 JavaThread "RMI TCP Accept-0"           daemon [_thread_in_native, id=8644, stack(0x000000aadbc00000,0x000000aadbd00000) (1024K)]
  0x000001ad18d1fd20 JavaThread "RMI Reaper"                        [_thread_blocked, id=34252, stack(0x000000aadbd00000,0x000000aadbe00000) (1024K)]
  0x000001ad18d1a7d0 JavaThread "RMI TCP Connection(idle)"   daemon [_thread_blocked, id=46844, stack(0x000000aadbe00000,0x000000aadbf00000) (1024K)]
  0x000001ad18d1d5c0 JavaThread "Unconstrained build operations Thread 21"        [_thread_blocked, id=31016, stack(0x000000aad7200000,0x000000aad7300000) (1024K)]
  0x000001ad18d1b4f0 JavaThread "Unconstrained build operations Thread 22"        [_thread_blocked, id=65200, stack(0x000000aadc100000,0x000000aadc200000) (1024K)]
  0x000001ad18d1bb80 JavaThread "Unconstrained build operations Thread 23"        [_thread_blocked, id=49508, stack(0x000000aadc200000,0x000000aadc300000) (1024K)]
  0x000001ad18d1e2e0 JavaThread "Unconstrained build operations Thread 24"        [_thread_blocked, id=11984, stack(0x000000aadc300000,0x000000aadc400000) (1024K)]
  0x000001ad18d1c210 JavaThread "Unconstrained build operations Thread 25"        [_thread_blocked, id=61812, stack(0x000000aadc400000,0x000000aadc500000) (1024K)]
  0x000001ad18d1c8a0 JavaThread "Unconstrained build operations Thread 26"        [_thread_blocked, id=22328, stack(0x000000aadc500000,0x000000aadc600000) (1024K)]
  0x000001ad18d1cf30 JavaThread "Unconstrained build operations Thread 27"        [_thread_blocked, id=50520, stack(0x000000aadc600000,0x000000aadc700000) (1024K)]
  0x000001ad18d1e970 JavaThread "Unconstrained build operations Thread 28"        [_thread_blocked, id=36540, stack(0x000000aadc700000,0x000000aadc800000) (1024K)]
  0x000001ad18d1f000 JavaThread "Unconstrained build operations Thread 29"        [_thread_blocked, id=58596, stack(0x000000aadc800000,0x000000aadc900000) (1024K)]
  0x000001ad18753a30 JavaThread "build event listener"              [_thread_blocked, id=60584, stack(0x000000aadba00000,0x000000aadbb00000) (1024K)]
Total: 76

Other Threads:
  0x000001accc951e80 VMThread "VM Thread"                           [id=59712, stack(0x000000aad7a00000,0x000000aad7b00000) (1024K)]
  0x000001accc941060 WatcherThread "VM Periodic Task Thread"        [id=14256, stack(0x000000aad7900000,0x000000aad7a00000) (1024K)]
  0x000001accc801120 WorkerThread "GC Thread#0"                     [id=16148, stack(0x000000aad7400000,0x000000aad7500000) (1024K)]
  0x000001ad142b0d20 WorkerThread "GC Thread#1"                     [id=51432, stack(0x000000aad8500000,0x000000aad8600000) (1024K)]
  0x000001ad1428dfc0 WorkerThread "GC Thread#2"                     [id=46044, stack(0x000000aad8600000,0x000000aad8700000) (1024K)]
  0x000001ad14b42f60 WorkerThread "GC Thread#3"                     [id=34044, stack(0x000000aad8700000,0x000000aad8800000) (1024K)]
  0x000001ac9f53e640 ConcurrentGCThread "G1 Main Marker"            [id=53532, stack(0x000000aad7500000,0x000000aad7600000) (1024K)]
  0x000001ac9f53f060 WorkerThread "G1 Conc#0"                       [id=35652, stack(0x000000aad7600000,0x000000aad7700000) (1024K)]
  0x000001ac9f55e8b0 ConcurrentGCThread "G1 Refine#0"               [id=25556, stack(0x000000aad7700000,0x000000aad7800000) (1024K)]
  0x000001accc810d60 ConcurrentGCThread "G1 Service"                [id=51856, stack(0x000000aad7800000,0x000000aad7900000) (1024K)]
Total: 10

Threads with active compile tasks:
C2 CompilerThread0  154147 13690       4       org.gradle.internal.instantiation.generator.AbstractClassGenerator::inspectType (602 bytes)
Total: 1

VM state: not at safepoint (normal execution)

VM Mutex/Monitor currently owned by a thread: None

Heap address: 0x0000000600000000, size: 8192 MB, Compressed Oops mode: Zero based, Oop shift amount: 3

CDS archive(s) mapped at: [0x000001accf000000-0x000001accfba0000-0x000001accfba0000), size 12189696, SharedBaseAddress: 0x000001accf000000, ArchiveRelocationMode: 1.
Compressed class space mapped at: 0x000001acd0000000-0x000001ad10000000, reserved size: 1073741824
Narrow klass base: 0x000001accf000000, Narrow klass shift: 0, Narrow klass range: 0x100000000

GC Precious Log:
 CardTable entry size: 512
 Card Set container configuration: InlinePtr #cards 4 size 8 Array Of Cards #cards 32 size 80 Howl #buckets 8 coarsen threshold 7372 Howl Bitmap #cards 1024 size 144 coarsen threshold 921 Card regions per heap region 1 cards per card region 8192
 CPUs: 4 total, 4 available
 Memory: 6082M
 Large Page Support: Disabled
 NUMA Support: Disabled
 Compressed Oops: Enabled (Zero based)
 Heap Region Size: 4M
 Heap Min Capacity: 8M
 Heap Initial Capacity: 96M
 Heap Max Capacity: 8G
 Pre-touch: Disabled
 Parallel Workers: 4
 Concurrent Workers: 1
 Concurrent Refinement Workers: 4
 Periodic GC: Disabled

Heap:
 garbage-first heap   total 212992K, used 130268K [0x0000000600000000, 0x0000000800000000)
  region size 4096K, 4 young (16384K), 2 survivors (8192K)
 Metaspace       used 106040K, committed 108480K, reserved 1179648K
  class space    used 15169K, committed 16384K, reserved 1048576K

Heap Regions: E=young(eden), S=young(survivor), O=old, HS=humongous(starts), HC=humongous(continues), CS=collection set, F=free, TAMS=top-at-mark-start, PB=parsable bottom
|   0|0x0000000600000000, 0x0000000600400000, 0x0000000600400000|100%|HS|  |TAMS 0x0000000600000000| PB 0x0000000600000000| Complete 
|   1|0x0000000600400000, 0x0000000600800000, 0x0000000600800000|100%| O|  |TAMS 0x0000000600400000| PB 0x0000000600400000| Untracked 
|   2|0x0000000600800000, 0x0000000600c00000, 0x0000000600c00000|100%| O|  |TAMS 0x0000000600800000| PB 0x0000000600800000| Untracked 
|   3|0x0000000600c00000, 0x0000000601000000, 0x0000000601000000|100%| O|  |TAMS 0x0000000600c00000| PB 0x0000000600c00000| Untracked 
|   4|0x0000000601000000, 0x0000000601400000, 0x0000000601400000|100%| O|  |TAMS 0x0000000601000000| PB 0x0000000601000000| Untracked 
|   5|0x0000000601400000, 0x0000000601800000, 0x0000000601800000|100%| O|  |TAMS 0x0000000601400000| PB 0x0000000601400000| Untracked 
|   6|0x0000000601800000, 0x0000000601c00000, 0x0000000601c00000|100%| O|  |TAMS 0x0000000601800000| PB 0x0000000601800000| Untracked 
|   7|0x0000000601c00000, 0x0000000602000000, 0x0000000602000000|100%| O|  |TAMS 0x0000000601c00000| PB 0x0000000601c00000| Untracked 
|   8|0x0000000602000000, 0x0000000602400000, 0x0000000602400000|100%| O|  |TAMS 0x0000000602000000| PB 0x0000000602000000| Untracked 
|   9|0x0000000602400000, 0x0000000602800000, 0x0000000602800000|100%|HS|  |TAMS 0x0000000602400000| PB 0x0000000602400000| Complete 
|  10|0x0000000602800000, 0x0000000602c00000, 0x0000000602c00000|100%|HS|  |TAMS 0x0000000602800000| PB 0x0000000602800000| Complete 
|  11|0x0000000602c00000, 0x0000000603000000, 0x0000000603000000|100%| O|  |TAMS 0x0000000602c00000| PB 0x0000000602c00000| Untracked 
|  12|0x0000000603000000, 0x0000000603400000, 0x0000000603400000|100%| O|  |TAMS 0x0000000603000000| PB 0x0000000603000000| Untracked 
|  13|0x0000000603400000, 0x0000000603800000, 0x0000000603800000|100%| O|  |TAMS 0x0000000603400000| PB 0x0000000603400000| Untracked 
|  14|0x0000000603800000, 0x0000000603c00000, 0x0000000603c00000|100%| O|  |TAMS 0x0000000603800000| PB 0x0000000603800000| Untracked 
|  15|0x0000000603c00000, 0x0000000604000000, 0x0000000604000000|100%| O|  |TAMS 0x0000000603c00000| PB 0x0000000603c00000| Untracked 
|  16|0x0000000604000000, 0x0000000604400000, 0x0000000604400000|100%| O|  |TAMS 0x0000000604000000| PB 0x0000000604000000| Untracked 
|  17|0x0000000604400000, 0x0000000604800000, 0x0000000604800000|100%| O|  |TAMS 0x0000000604400000| PB 0x0000000604400000| Untracked 
|  18|0x0000000604800000, 0x0000000604c00000, 0x0000000604c00000|100%| O|Cm|TAMS 0x0000000604800000| PB 0x0000000604800000| Complete 
|  19|0x0000000604c00000, 0x0000000605000000, 0x0000000605000000|100%| O|  |TAMS 0x0000000604c00000| PB 0x0000000604c00000| Untracked 
|  20|0x0000000605000000, 0x0000000605400000, 0x0000000605400000|100%| O|  |TAMS 0x0000000605000000| PB 0x0000000605000000| Untracked 
|  21|0x0000000605400000, 0x0000000605800000, 0x0000000605800000|100%| O|  |TAMS 0x0000000605400000| PB 0x0000000605400000| Untracked 
|  22|0x0000000605800000, 0x0000000605c00000, 0x0000000605c00000|100%| O|  |TAMS 0x0000000605800000| PB 0x0000000605800000| Untracked 
|  23|0x0000000605c00000, 0x0000000606000000, 0x0000000606000000|100%| O|  |TAMS 0x0000000605c00000| PB 0x0000000605c00000| Untracked 
|  24|0x0000000606000000, 0x0000000606400000, 0x0000000606400000|100%| O|  |TAMS 0x0000000606000000| PB 0x0000000606000000| Untracked 
|  25|0x0000000606400000, 0x0000000606800000, 0x0000000606800000|100%| O|  |TAMS 0x0000000606400000| PB 0x0000000606400000| Untracked 
|  26|0x0000000606800000, 0x0000000606a8be68, 0x0000000606c00000| 63%| O|  |TAMS 0x0000000606800000| PB 0x0000000606800000| Untracked 
|  27|0x0000000606c00000, 0x0000000606c00000, 0x0000000607000000|  0%| F|  |TAMS 0x0000000606c00000| PB 0x0000000606c00000| Untracked 
|  28|0x0000000607000000, 0x0000000607000000, 0x0000000607400000|  0%| F|  |TAMS 0x0000000607000000| PB 0x0000000607000000| Untracked 
|  29|0x0000000607400000, 0x0000000607800000, 0x0000000607800000|100%| O|  |TAMS 0x0000000607400000| PB 0x0000000607400000| Untracked 
|  30|0x0000000607800000, 0x0000000607800000, 0x0000000607c00000|  0%| F|  |TAMS 0x0000000607800000| PB 0x0000000607800000| Untracked 
|  31|0x0000000607c00000, 0x0000000607c00000, 0x0000000608000000|  0%| F|  |TAMS 0x0000000607c00000| PB 0x0000000607c00000| Untracked 
|  32|0x0000000608000000, 0x0000000608000000, 0x0000000608400000|  0%| F|  |TAMS 0x0000000608000000| PB 0x0000000608000000| Untracked 
|  33|0x0000000608400000, 0x0000000608400000, 0x0000000608800000|  0%| F|  |TAMS 0x0000000608400000| PB 0x0000000608400000| Untracked 
|  34|0x0000000608800000, 0x00000006088ab200, 0x0000000608c00000| 16%| S|CS|TAMS 0x0000000608800000| PB 0x0000000608800000| Complete 
|  35|0x0000000608c00000, 0x0000000609000000, 0x0000000609000000|100%| S|CS|TAMS 0x0000000608c00000| PB 0x0000000608c00000| Complete 
|  36|0x0000000609000000, 0x0000000609000000, 0x0000000609400000|  0%| F|  |TAMS 0x0000000609000000| PB 0x0000000609000000| Untracked 
|  37|0x0000000609400000, 0x0000000609400000, 0x0000000609800000|  0%| F|  |TAMS 0x0000000609400000| PB 0x0000000609400000| Untracked 
|  38|0x0000000609800000, 0x0000000609800000, 0x0000000609c00000|  0%| F|  |TAMS 0x0000000609800000| PB 0x0000000609800000| Untracked 
|  39|0x0000000609c00000, 0x0000000609c00000, 0x000000060a000000|  0%| F|  |TAMS 0x0000000609c00000| PB 0x0000000609c00000| Untracked 
|  40|0x000000060a000000, 0x000000060a000000, 0x000000060a400000|  0%| F|  |TAMS 0x000000060a000000| PB 0x000000060a000000| Untracked 
|  41|0x000000060a400000, 0x000000060a400000, 0x000000060a800000|  0%| F|  |TAMS 0x000000060a400000| PB 0x000000060a400000| Untracked 
|  42|0x000000060a800000, 0x000000060a800000, 0x000000060ac00000|  0%| F|  |TAMS 0x000000060a800000| PB 0x000000060a800000| Untracked 
|  43|0x000000060ac00000, 0x000000060ac00000, 0x000000060b000000|  0%| F|  |TAMS 0x000000060ac00000| PB 0x000000060ac00000| Untracked 
|  44|0x000000060b000000, 0x000000060b000000, 0x000000060b400000|  0%| F|  |TAMS 0x000000060b000000| PB 0x000000060b000000| Untracked 
|  45|0x000000060b400000, 0x000000060b400000, 0x000000060b800000|  0%| F|  |TAMS 0x000000060b400000| PB 0x000000060b400000| Untracked 
|  46|0x000000060b800000, 0x000000060b800000, 0x000000060bc00000|  0%| F|  |TAMS 0x000000060b800000| PB 0x000000060b800000| Untracked 
|  47|0x000000060bc00000, 0x000000060bc00000, 0x000000060c000000|  0%| F|  |TAMS 0x000000060bc00000| PB 0x000000060bc00000| Untracked 
|2044|0x00000007ff000000, 0x00000007ff2090e0, 0x00000007ff400000| 50%| E|  |TAMS 0x00000007ff000000| PB 0x00000007ff000000| Complete 
|2045|0x00000007ff400000, 0x00000007ff800000, 0x00000007ff800000|100%| O|  |TAMS 0x00000007ff400000| PB 0x00000007ff400000| Untracked 
|2046|0x00000007ff800000, 0x00000007ffc00000, 0x00000007ffc00000|100%| O|  |TAMS 0x00000007ff800000| PB 0x00000007ff800000| Untracked 
|2047|0x00000007ffc00000, 0x0000000800000000, 0x0000000800000000|100%| E|CS|TAMS 0x00000007ffc00000| PB 0x00000007ffc00000| Complete 

Card table byte_map: [0x000001acc37c0000,0x000001acc47c0000] _byte_map_base: 0x000001acc07c0000

Marking Bits: (CMBitMap*) 0x000001accc801830
 Bits: [0x000001acc47c0000, 0x000001accc7c0000)

Polling page: 0x000001ac9d260000

Metaspace:

Usage:
  Non-class:     88.74 MB used.
      Class:     14.81 MB used.
       Both:    103.56 MB used.

Virtual space:
  Non-class space:      128.00 MB reserved,      89.94 MB ( 70%) committed,  2 nodes.
      Class space:        1.00 GB reserved,      16.00 MB (  2%) committed,  1 nodes.
             Both:        1.12 GB reserved,     105.94 MB (  9%) committed. 

Chunk freelists:
   Non-Class:  5.88 MB
       Class:  32.00 KB
        Both:  5.91 MB

MaxMetaspaceSize: 4.00 GB
CompressedClassSpaceSize: 1.00 GB
Initial GC threshold: 21.00 MB
Current GC threshold: 170.44 MB
CDS: on
 - commit_granule_bytes: 65536.
 - commit_granule_words: 8192.
 - virtual_space_node_default_size: 8388608.
 - enlarge_chunks_in_place: 1.
 - use_allocation_guard: 0.


Internal statistics:

num_allocs_failed_limit: 6.
num_arena_births: 4502.
num_arena_deaths: 0.
num_vsnodes_births: 3.
num_vsnodes_deaths: 0.
num_space_committed: 1695.
num_space_uncommitted: 0.
num_chunks_returned_to_freelist: 6.
num_chunks_taken_from_freelist: 9588.
num_chunk_merges: 6.
num_chunk_splits: 6201.
num_chunks_enlarged: 3814.
num_inconsistent_stats: 0.

CodeHeap 'non-profiled nmethods': size=259264Kb used=6719Kb max_used=6719Kb free=252544Kb
 bounds [0x000001acb2970000, 0x000001acb3000000, 0x000001acc26a0000]
CodeHeap 'profiled nmethods': size=259264Kb used=22425Kb max_used=22425Kb free=236838Kb
 bounds [0x000001aca26a0000, 0x000001aca3c90000, 0x000001acb23d0000]
CodeHeap 'non-nmethods': size=5760Kb used=2802Kb max_used=2815Kb free=2957Kb
 bounds [0x000001acb23d0000, 0x000001acb26a0000, 0x000001acb2970000]
CodeCache: size=524288Kb, used=31946Kb, max_used=31959Kb, free=492339Kb
 total_blobs=12639, nmethods=11585, adapters=958, full_count=0
Compilation: enabled, stopped_count=0, restarted_count=0

Compilation events (20 events):
Event: 153.035 Thread 0x000001accc97d6d0 nmethod 13684 0x000001aca3c77f90 code [0x000001aca3c78140, 0x000001aca3c78350]
Event: 153.035 Thread 0x000001accc976390 13687       4       java.lang.String::<init> (98 bytes)
Event: 153.035 Thread 0x000001accc97d6d0 13685       3       org.gradle.internal.instantiation.generator.AsmBackedClassGenerator$ClassBuilderImpl::lambda$generateToStringSupport$40 (11 bytes)
Event: 153.036 Thread 0x000001accc97d6d0 nmethod 13685 0x000001aca3c78490 code [0x000001aca3c78640, 0x000001aca3c787e8]
Event: 153.036 Thread 0x000001accc97d6d0 13686       3       org.gradle.internal.instantiation.generator.AsmBackedClassGenerator$ClassBuilderImpl$41::<init> (149 bytes)
Event: 153.039 Thread 0x000001accc97d6d0 nmethod 13686 0x000001aca3c78890 code [0x000001aca3c78da0, 0x000001aca3c7be88]
Event: 153.050 Thread 0x000001accc976390 nmethod 13687 0x000001acb2ffeb90 code [0x000001acb2ffed80, 0x000001acb2fff5e8]
Event: 153.050 Thread 0x000001accc976390 13688       4       com.google.common.collect.RegularImmutableMap$KeySet::size (8 bytes)
Event: 153.051 Thread 0x000001accc976390 nmethod 13688 0x000001acb2fff890 code [0x000001acb2fffa20, 0x000001acb2fffae0]
Event: 153.118 Thread 0x000001accc97d6d0 13689       3       org.gradle.internal.reflect.annotations.impl.DefaultTypeAnnotationMetadata::isAnnotationPresent (9 bytes)
Event: 153.118 Thread 0x000001accc97d6d0 nmethod 13689 0x000001aca3c7cc90 code [0x000001aca3c7ce40, 0x000001aca3c7d020]
Event: 153.118 Thread 0x000001accc976390 13690       4       org.gradle.internal.instantiation.generator.AbstractClassGenerator::inspectType (602 bytes)
Event: 153.148 Thread 0x000001accc97d6d0 13691       3       org.gradle.internal.instantiation.generator.AsmBackedClassGenerator::access$4900 (6 bytes)
Event: 153.148 Thread 0x000001accc97d6d0 nmethod 13691 0x000001aca3c7d110 code [0x000001aca3c7d2c0, 0x000001aca3c7d3d8]
Event: 153.148 Thread 0x000001accc97d6d0 13692       3       org.gradle.internal.instantiation.generator.AsmBackedClassGenerator::rawTypeParam (96 bytes)
Event: 153.150 Thread 0x000001accc97d6d0 nmethod 13692 0x000001aca3c7d490 code [0x000001aca3c7d840, 0x000001aca3c7f1f8]
Event: 153.175 Thread 0x000001accc97d6d0 13694       3       com.google.common.collect.Iterables::toArray (10 bytes)
Event: 153.176 Thread 0x000001accc97d6d0 nmethod 13694 0x000001aca3c7f990 code [0x000001aca3c7fbc0, 0x000001aca3c80440]
Event: 153.176 Thread 0x000001accc97d6d0 13693       3       com.google.common.collect.Ordering::sortedCopy (18 bytes)
Event: 153.177 Thread 0x000001accc97d6d0 nmethod 13693 0x000001aca3c80690 code [0x000001aca3c80940, 0x000001aca3c816c8]

GC Heap History (20 events):
Event: 128.544 GC heap before
{Heap before GC invocations=32 (full 0):
 garbage-first heap   total 143360K, used 120977K [0x0000000600000000, 0x0000000800000000)
  region size 4096K, 12 young (49152K), 2 survivors (8192K)
 Metaspace       used 77800K, committed 80000K, reserved 1179648K
  class space    used 11352K, committed 12480K, reserved 1048576K
}
Event: 128.553 GC heap after
{Heap after GC invocations=33 (full 0):
 garbage-first heap   total 143360K, used 85166K [0x0000000600000000, 0x0000000800000000)
  region size 4096K, 2 young (8192K), 2 survivors (8192K)
 Metaspace       used 77800K, committed 80000K, reserved 1179648K
  class space    used 11352K, committed 12480K, reserved 1048576K
}
Event: 129.426 GC heap before
{Heap before GC invocations=34 (full 0):
 garbage-first heap   total 151552K, used 122030K [0x0000000600000000, 0x0000000800000000)
  region size 4096K, 12 young (49152K), 2 survivors (8192K)
 Metaspace       used 78017K, committed 80192K, reserved 1179648K
  class space    used 11383K, committed 12480K, reserved 1048576K
}
Event: 129.436 GC heap after
{Heap after GC invocations=35 (full 0):
 garbage-first heap   total 151552K, used 97279K [0x0000000600000000, 0x0000000800000000)
  region size 4096K, 2 young (8192K), 2 survivors (8192K)
 Metaspace       used 78017K, committed 80192K, reserved 1179648K
  class space    used 11383K, committed 12480K, reserved 1048576K
}
Event: 130.314 GC heap before
{Heap before GC invocations=35 (full 0):
 garbage-first heap   total 151552K, used 125951K [0x0000000600000000, 0x0000000800000000)
  region size 4096K, 10 young (40960K), 2 survivors (8192K)
 Metaspace       used 79661K, committed 81920K, reserved 1179648K
  class space    used 11596K, committed 12736K, reserved 1048576K
}
Event: 130.333 GC heap after
{Heap after GC invocations=36 (full 0):
 garbage-first heap   total 151552K, used 103636K [0x0000000600000000, 0x0000000800000000)
  region size 4096K, 2 young (8192K), 2 survivors (8192K)
 Metaspace       used 79661K, committed 81920K, reserved 1179648K
  class space    used 11596K, committed 12736K, reserved 1048576K
}
Event: 131.125 GC heap before
{Heap before GC invocations=36 (full 0):
 garbage-first heap   total 151552K, used 124116K [0x0000000600000000, 0x0000000800000000)
  region size 4096K, 8 young (32768K), 2 survivors (8192K)
 Metaspace       used 81957K, committed 84224K, reserved 1179648K
  class space    used 11846K, committed 12992K, reserved 1048576K
}
Event: 131.133 GC heap after
{Heap after GC invocations=37 (full 0):
 garbage-first heap   total 184320K, used 104828K [0x0000000600000000, 0x0000000800000000)
  region size 4096K, 1 young (4096K), 1 survivors (4096K)
 Metaspace       used 81957K, committed 84224K, reserved 1179648K
  class space    used 11846K, committed 12992K, reserved 1048576K
}
Event: 133.141 GC heap before
{Heap before GC invocations=38 (full 0):
 garbage-first heap   total 184320K, used 153980K [0x0000000600000000, 0x0000000800000000)
  region size 4096K, 14 young (57344K), 1 survivors (4096K)
 Metaspace       used 85746K, committed 88064K, reserved 1179648K
  class space    used 12326K, committed 13504K, reserved 1048576K
}
Event: 133.151 GC heap after
{Heap after GC invocations=39 (full 0):
 garbage-first heap   total 184320K, used 109898K [0x0000000600000000, 0x0000000800000000)
  region size 4096K, 2 young (8192K), 2 survivors (8192K)
 Metaspace       used 85746K, committed 88064K, reserved 1179648K
  class space    used 12326K, committed 13504K, reserved 1048576K
}
Event: 134.619 GC heap before
{Heap before GC invocations=39 (full 0):
 garbage-first heap   total 184320K, used 159050K [0x0000000600000000, 0x0000000800000000)
  region size 4096K, 14 young (57344K), 2 survivors (8192K)
 Metaspace       used 89132K, committed 91392K, reserved 1179648K
  class space    used 12756K, committed 13888K, reserved 1048576K
}
Event: 134.635 GC heap after
{Heap after GC invocations=40 (full 0):
 garbage-first heap   total 184320K, used 111654K [0x0000000600000000, 0x0000000800000000)
  region size 4096K, 1 young (4096K), 1 survivors (4096K)
 Metaspace       used 89132K, committed 91392K, reserved 1179648K
  class space    used 12756K, committed 13888K, reserved 1048576K
}
Event: 135.915 GC heap before
{Heap before GC invocations=40 (full 0):
 garbage-first heap   total 184320K, used 156710K [0x0000000600000000, 0x0000000800000000)
  region size 4096K, 13 young (53248K), 1 survivors (4096K)
 Metaspace       used 92584K, committed 94848K, reserved 1179648K
  class space    used 13149K, committed 14272K, reserved 1048576K
}
Event: 135.932 GC heap after
{Heap after GC invocations=41 (full 0):
 garbage-first heap   total 184320K, used 114315K [0x0000000600000000, 0x0000000800000000)
  region size 4096K, 2 young (8192K), 2 survivors (8192K)
 Metaspace       used 92584K, committed 94848K, reserved 1179648K
  class space    used 13149K, committed 14272K, reserved 1048576K
}
Event: 137.889 GC heap before
{Heap before GC invocations=42 (full 0):
 garbage-first heap   total 200704K, used 163467K [0x0000000600000000, 0x0000000800000000)
  region size 4096K, 14 young (57344K), 2 survivors (8192K)
 Metaspace       used 95816K, committed 98176K, reserved 1179648K
  class space    used 13610K, committed 14784K, reserved 1048576K
}
Event: 137.922 GC heap after
{Heap after GC invocations=43 (full 0):
 garbage-first heap   total 200704K, used 117421K [0x0000000600000000, 0x0000000800000000)
  region size 4096K, 2 young (8192K), 2 survivors (8192K)
 Metaspace       used 95816K, committed 98176K, reserved 1179648K
  class space    used 13610K, committed 14784K, reserved 1048576K
}
Event: 143.453 GC heap before
{Heap before GC invocations=43 (full 0):
 garbage-first heap   total 200704K, used 174765K [0x0000000600000000, 0x0000000800000000)
  region size 4096K, 17 young (69632K), 2 survivors (8192K)
 Metaspace       used 97832K, committed 100160K, reserved 1179648K
  class space    used 13882K, committed 15040K, reserved 1048576K
}
Event: 143.488 GC heap after
{Heap after GC invocations=44 (full 0):
 garbage-first heap   total 200704K, used 121531K [0x0000000600000000, 0x0000000800000000)
  region size 4096K, 3 young (12288K), 3 survivors (12288K)
 Metaspace       used 97832K, committed 100160K, reserved 1179648K
  class space    used 13882K, committed 15040K, reserved 1048576K
}
Event: 148.150 GC heap before
{Heap before GC invocations=44 (full 0):
 garbage-first heap   total 200704K, used 174779K [0x0000000600000000, 0x0000000800000000)
  region size 4096K, 17 young (69632K), 3 survivors (12288K)
 Metaspace       used 102132K, committed 104512K, reserved 1179648K
  class space    used 14611K, committed 15808K, reserved 1048576K
}
Event: 148.166 GC heap after
{Heap after GC invocations=45 (full 0):
 garbage-first heap   total 200704K, used 123333K [0x0000000600000000, 0x0000000800000000)
  region size 4096K, 2 young (8192K), 2 survivors (8192K)
 Metaspace       used 102132K, committed 104512K, reserved 1179648K
  class space    used 14611K, committed 15808K, reserved 1048576K
}

Dll operation events (15 events):
Event: 0.024 Loaded shared library C:\Users\WINDOWS 11\.vscode\extensions\redhat.java-1.53.0-win32-x64\jre\21.0.10-win32-x86_64\bin\java.dll
Event: 0.164 Loaded shared library C:\Users\WINDOWS 11\.vscode\extensions\redhat.java-1.53.0-win32-x64\jre\21.0.10-win32-x86_64\bin\zip.dll
Event: 0.214 Loaded shared library C:\Users\WINDOWS 11\.vscode\extensions\redhat.java-1.53.0-win32-x64\jre\21.0.10-win32-x86_64\bin\instrument.dll
Event: 0.223 Loaded shared library C:\Users\WINDOWS 11\.vscode\extensions\redhat.java-1.53.0-win32-x64\jre\21.0.10-win32-x86_64\bin\net.dll
Event: 0.228 Loaded shared library C:\Users\WINDOWS 11\.vscode\extensions\redhat.java-1.53.0-win32-x64\jre\21.0.10-win32-x86_64\bin\nio.dll
Event: 0.235 Loaded shared library C:\Users\WINDOWS 11\.vscode\extensions\redhat.java-1.53.0-win32-x64\jre\21.0.10-win32-x86_64\bin\zip.dll
Event: 1.326 Loaded shared library C:\Users\WINDOWS 11\.vscode\extensions\redhat.java-1.53.0-win32-x64\jre\21.0.10-win32-x86_64\bin\jimage.dll
Event: 1.970 Loaded shared library C:\Users\WINDOWS 11\.vscode\extensions\redhat.java-1.53.0-win32-x64\jre\21.0.10-win32-x86_64\bin\verify.dll
Event: 2.312 Loaded shared library C:\Users\WINDOWS 11\.gradle\native\1def1411415f61bf3af743bc5b6707747c0891f09f0c88961ee8f79bc544acac\windows-amd64\native-platform.dll
Event: 2.458 Loaded shared library C:\Users\WINDOWS 11\.gradle\native\0.2.7\x86_64-windows-gnu\gradle-fileevents.dll
Event: 6.149 Loaded shared library C:\Users\WINDOWS 11\.vscode\extensions\redhat.java-1.53.0-win32-x64\jre\21.0.10-win32-x86_64\bin\management.dll
Event: 6.157 Loaded shared library C:\Users\WINDOWS 11\.vscode\extensions\redhat.java-1.53.0-win32-x64\jre\21.0.10-win32-x86_64\bin\management_ext.dll
Event: 6.646 Loaded shared library C:\Users\WINDOWS 11\.vscode\extensions\redhat.java-1.53.0-win32-x64\jre\21.0.10-win32-x86_64\bin\extnet.dll
Event: 7.365 Loaded shared library C:\Users\WINDOWS 11\.vscode\extensions\redhat.java-1.53.0-win32-x64\jre\21.0.10-win32-x86_64\bin\sunmscapi.dll
Event: 60.232 Loaded shared library C:\Users\WINDOWS 11\.vscode\extensions\redhat.java-1.53.0-win32-x64\jre\21.0.10-win32-x86_64\bin\rmi.dll

Deoptimization events (20 events):
Event: 151.696 Thread 0x000001ad15b794e0 DEOPT PACKING pc=0x000001acb29aa6f8 sp=0x000000aad8ef5bc0
Event: 151.696 Thread 0x000001ad15b794e0 DEOPT UNPACKING pc=0x000001acb2424422 sp=0x000000aad8ef59f8 mode 2
Event: 152.886 Thread 0x000001ad15b794e0 Uncommon trap: trap_request=0xffffff45 fr.pc=0x000001acb2aa04c0 relative=0x00000000000000a0
Event: 152.886 Thread 0x000001ad15b794e0 Uncommon trap: reason=unstable_if action=reinterpret pc=0x000001acb2aa04c0 method=java.lang.invoke.LambdaForm$BasicType.basicType(C)Ljava/lang/invoke/LambdaForm$BasicType; @ 1 c2
Event: 152.886 Thread 0x000001ad15b794e0 DEOPT PACKING pc=0x000001acb2aa04c0 sp=0x000000aad8ef4cc0
Event: 152.886 Thread 0x000001ad15b794e0 DEOPT UNPACKING pc=0x000001acb2424422 sp=0x000000aad8ef4c58 mode 2
Event: 152.929 Thread 0x000001ad15b794e0 Uncommon trap: trap_request=0xffffff45 fr.pc=0x000001acb2ffc300 relative=0x0000000000000060
Event: 152.929 Thread 0x000001ad15b794e0 Uncommon trap: reason=unstable_if action=reinterpret pc=0x000001acb2ffc300 method=java.lang.StringConcatHelper.stringOf(Ljava/lang/Object;)Ljava/lang/String; @ 1 c2
Event: 152.929 Thread 0x000001ad15b794e0 DEOPT PACKING pc=0x000001acb2ffc300 sp=0x000000aad8ef5b30
Event: 152.929 Thread 0x000001ad15b794e0 DEOPT UNPACKING pc=0x000001acb2424422 sp=0x000000aad8ef5ac0 mode 2
Event: 153.118 Thread 0x000001ad15b794e0 DEOPT PACKING pc=0x000001aca39c1b8e sp=0x000000aad8ef5290
Event: 153.118 Thread 0x000001ad15b794e0 DEOPT UNPACKING pc=0x000001acb2424bc2 sp=0x000000aad8ef4850 mode 0
Event: 153.199 Thread 0x000001ad15b794e0 Uncommon trap: trap_request=0xffffffde fr.pc=0x000001acb2d7aea8 relative=0x0000000000000848
Event: 153.199 Thread 0x000001ad15b794e0 Uncommon trap: reason=class_check action=maybe_recompile pc=0x000001acb2d7aea8 method=org.gradle.internal.snapshot.impl.AbstractValueProcessor.processValue(Ljava/lang/Object;Lorg/gradle/internal/snapshot/impl/AbstractValueProcessor$ValueVisitor;)Ljava/lan
Event: 153.199 Thread 0x000001ad15b794e0 DEOPT PACKING pc=0x000001acb2d7aea8 sp=0x000000aad8ef5e40
Event: 153.199 Thread 0x000001ad15b794e0 DEOPT UNPACKING pc=0x000001acb2424422 sp=0x000000aad8ef5dd0 mode 2
Event: 153.216 Thread 0x000001ad15b794e0 Uncommon trap: trap_request=0xffffffde fr.pc=0x000001acb2d7aea8 relative=0x0000000000000848
Event: 153.216 Thread 0x000001ad15b794e0 Uncommon trap: reason=class_check action=maybe_recompile pc=0x000001acb2d7aea8 method=org.gradle.internal.snapshot.impl.AbstractValueProcessor.processValue(Ljava/lang/Object;Lorg/gradle/internal/snapshot/impl/AbstractValueProcessor$ValueVisitor;)Ljava/lan
Event: 153.216 Thread 0x000001ad15b794e0 DEOPT PACKING pc=0x000001acb2d7aea8 sp=0x000000aad8ef5e40
Event: 153.216 Thread 0x000001ad15b794e0 DEOPT UNPACKING pc=0x000001acb2424422 sp=0x000000aad8ef5dd0 mode 2

Classes loaded (20 events):
Event: 137.078 Loading class java/io/Console$1
Event: 137.078 Loading class jdk/internal/access/JavaIOAccess
Event: 137.078 Loading class jdk/internal/access/JavaIOAccess done
Event: 137.078 Loading class java/io/Console$1 done
Event: 138.081 Loading class java/util/AbstractList$ListItr
Event: 138.081 Loading class java/util/AbstractList$ListItr done
Event: 144.913 Loading class java/util/concurrent/atomic/AtomicIntegerArray
Event: 144.917 Loading class java/util/concurrent/atomic/AtomicIntegerArray done
Event: 144.919 Loading class java/util/Currency
Event: 144.926 Loading class java/util/Currency done
Event: 144.959 Loading class java/util/concurrent/atomic/AtomicLongArray
Event: 144.959 Loading class java/util/concurrent/atomic/AtomicLongArray done
Event: 145.029 Loading class sun/reflect/generics/repository/FieldRepository
Event: 145.029 Loading class sun/reflect/generics/repository/FieldRepository done
Event: 145.049 Loading class jdk/internal/vm/annotation/ForceInline
Event: 145.064 Loading class jdk/internal/vm/annotation/ForceInline done
Event: 145.253 Loading class java/util/regex/Pattern$Caret
Event: 145.271 Loading class java/util/regex/Pattern$Caret done
Event: 150.882 Loading class java/io/FileReader
Event: 150.883 Loading class java/io/FileReader done

Classes unloaded (0 events):
No events

Classes redefined (0 events):
No events

Internal exceptions (20 events):
Event: 137.444 Thread 0x000001ad15b794e0 Exception <a 'java/lang/ClassNotFoundException'{0x0000000609360d38}: org/gradle/api/plugins/BasePluginConventionCustomizer> (0x0000000609360d38) 
thrown [s\src\hotspot\share\classfile\systemDictionary.cpp, line 312]
Event: 137.446 Thread 0x000001ad15b794e0 Exception <a 'java/lang/ClassNotFoundException'{0x0000000609386550}: org/gradle/api/internal/plugins/NaggingBasePluginConventionCustomizer> (0x0000000609386550) 
thrown [s\src\hotspot\share\classfile\systemDictionary.cpp, line 312]
Event: 137.451 Thread 0x000001ad15b794e0 Exception <a 'java/lang/ClassNotFoundException'{0x00000006093d3b20}: org/gradle/api/plugins/internal/NaggingJavaPluginConventionBeanInfo> (0x00000006093d3b20) 
thrown [s\src\hotspot\share\classfile\systemDictionary.cpp, line 312]
Event: 137.452 Thread 0x000001ad15b794e0 Exception <a 'java/lang/ClassNotFoundException'{0x00000006093ee778}: org/gradle/api/plugins/JavaPluginConventionBeanInfo> (0x00000006093ee778) 
thrown [s\src\hotspot\share\classfile\systemDictionary.cpp, line 312]
Event: 137.453 Thread 0x000001ad15b794e0 Exception <a 'java/lang/ClassNotFoundException'{0x0000000608c09350}: org/gradle/api/plugins/JavaPluginConventionCustomizer> (0x0000000608c09350) 
thrown [s\src\hotspot\share\classfile\systemDictionary.cpp, line 312]
Event: 137.456 Thread 0x000001ad15b794e0 Exception <a 'java/lang/ClassNotFoundException'{0x0000000608c38848}: org/gradle/api/plugins/internal/NaggingJavaPluginConventionCustomizer> (0x0000000608c38848) 
thrown [s\src\hotspot\share\classfile\systemDictionary.cpp, line 312]
Event: 137.468 Thread 0x000001ad15b794e0 Exception <a 'java/lang/ClassNotFoundException'{0x0000000608cb2d20}: org/gradle/plugin/software/internal/SoftwareFeaturesDynamicObject_DecoratedBeanInfo> (0x0000000608cb2d20) 
thrown [s\src\hotspot\share\classfile\systemDictionary.cpp, line 312]
Event: 137.470 Thread 0x000001ad15b794e0 Exception <a 'java/lang/ClassNotFoundException'{0x0000000608ccbf40}: org/gradle/plugin/software/internal/SoftwareFeaturesDynamicObjectBeanInfo> (0x0000000608ccbf40) 
thrown [s\src\hotspot\share\classfile\systemDictionary.cpp, line 312]
Event: 137.473 Thread 0x000001ad15b794e0 Exception <a 'java/lang/ClassNotFoundException'{0x0000000608ce55d0}: org/gradle/internal/metaobject/AbstractDynamicObjectBeanInfo> (0x0000000608ce55d0) 
thrown [s\src\hotspot\share\classfile\systemDictionary.cpp, line 312]
Event: 137.478 Thread 0x000001ad15b794e0 Exception <a 'java/lang/ClassNotFoundException'{0x0000000608cfe7c8}: org/gradle/internal/metaobject/AbstractDynamicObjectCustomizer> (0x0000000608cfe7c8) 
thrown [s\src\hotspot\share\classfile\systemDictionary.cpp, line 312]
Event: 137.481 Thread 0x000001ad15b794e0 Exception <a 'java/lang/ClassNotFoundException'{0x0000000608d23bf0}: org/gradle/plugin/software/internal/SoftwareFeaturesDynamicObjectCustomizer> (0x0000000608d23bf0) 
thrown [s\src\hotspot\share\classfile\systemDictionary.cpp, line 312]
Event: 137.486 Thread 0x000001ad15b794e0 Exception <a 'java/lang/ClassNotFoundException'{0x0000000608d43ac8}: org/gradle/plugin/software/internal/SoftwareFeaturesDynamicObject_DecoratedCustomizer> (0x0000000608d43ac8) 
thrown [s\src\hotspot\share\classfile\systemDictionary.cpp, line 312]
Event: 137.494 Thread 0x000001ad15b794e0 Exception <a 'java/lang/NoSuchMethodError'{0x0000000608d6cee0}: 'java.lang.Object java.lang.invoke.Invokers$Holder.invokeExact_MT(java.lang.Object, java.lang.Object, java.lang.Object, int, java.lang.Object, java.lang.Object)'> (0x0000000608d6cee0) 
thrown [s\src\hotspot\share\interpreter\linkResolver.cpp, line 773]
Event: 137.499 Thread 0x000001ad15b794e0 Exception <a 'java/lang/NoSuchMethodError'{0x0000000608d94530}: 'java.lang.Object java.lang.invoke.DirectMethodHandle$Holder.newInvokeSpecial(java.lang.Object, java.lang.Object, java.lang.Object, java.lang.Object, java.lang.Object, java.lang.Object, java.lang.Object, java.lang.Object, java.lang.Object, java.lang.Object, java.lang.Object, java.lang.Object, java.lang.Object, java.lang.Object, java.lang.Object, java.lang.Object, java.lang.Object, java.lang.Object)'> (0x0000000608d94530) 
thrown [s\src\hotspot
Event: 137.499 Thread 0x000001ad15b794e0 Exception <a 'java/lang/NoSuchMethodError'{0x0000000608d9bad0}: 'java.lang.Object java.lang.invoke.DirectMethodHandle$Holder.invokeSpecial(java.lang.Object, java.lang.Object, java.lang.Object, java.lang.Object, java.lang.Object, java.lang.Object, java.lang.Object, java.lang.Object, java.lang.Object, java.lang.Object, java.lang.Object, java.lang.Object, java.lang.Object, java.lang.Object, java.lang.Object, java.lang.Object, java.lang.Object, java.lang.Object, java.lang.Object)'> (0x0000000608d9bad0) 
thrown
Event: 137.500 Thread 0x000001ad15b794e0 Exception <a 'java/lang/NoSuchMethodError'{0x0000000608da1ef8}: 'java.lang.Object java.lang.invoke.DelegatingMethodHandle$Holder.reinvoke_L(java.lang.Object, java.lang.Object, java.lang.Object, java.lang.Object, java.lang.Object, java.lang.Object, java.lang.Object, java.lang.Object, java.lang.Object, java.lang.Object, java.lang.Object, java.lang.Object, java.lang.Object, java.lang.Object, java.lang.Object, java.lang.Object, java.lang.Object, java.lang.Object)'> (0x0000000608da1ef8) 
thrown [s\src\hotspot\s
Event: 142.960 Thread 0x000001ad15b794e0 Exception <a 'java/lang/NoSuchMethodError'{0x000000060747b0e0}: 'java.lang.Object java.lang.invoke.DirectMethodHandle$Holder.newInvokeSpecial(java.lang.Object, java.lang.Object, java.lang.Object, java.lang.Object, java.lang.Object, java.lang.Object, java.lang.Object, java.lang.Object, java.lang.Object, java.lang.Object, java.lang.Object, java.lang.Object, java.lang.Object, java.lang.Object)'> (0x000000060747b0e0) 
thrown [s\src\hotspot\share\interpreter\linkResolver.cpp, line 773]
Event: 145.065 Thread 0x000001ad15b794e0 Exception <a 'java/lang/NoSuchMethodError'{0x000000060aa62d48}: 'void java.lang.invoke.Invokers$Holder.invokeExact_MT(java.lang.Object, java.lang.Object, java.lang.Object, java.lang.Object)'> (0x000000060aa62d48) 
thrown [s\src\hotspot\share\interpreter\linkResolver.cpp, line 773]
Event: 148.112 Thread 0x000001ad15b794e0 Implicit null exception at 0x000001acb2a3f7aa to 0x000001acb2a4150c
Event: 151.070 Thread 0x000001ad15b794e0 Exception <a 'java/lang/NoSuchMethodError'{0x000000060ad6ba20}: 'void java.lang.invoke.Invokers$Holder.invokeExact_MT(java.lang.Object, java.lang.Object, int, java.lang.Object)'> (0x000000060ad6ba20) 
thrown [s\src\hotspot\share\interpreter\linkResolver.cpp, line 773]

ZGC Phase Switch (0 events):
No events

VM Operations (20 events):
Event: 147.521 Executing safepoint VM operation: Cleanup
Event: 147.522 Executing safepoint VM operation: Cleanup done
Event: 148.150 Executing safepoint VM operation: G1CollectForAllocation (G1 Evacuation Pause)
Event: 148.166 Executing safepoint VM operation: G1CollectForAllocation (G1 Evacuation Pause) done
Event: 148.421 Executing safepoint VM operation: G1PauseRemark
Event: 148.444 Executing safepoint VM operation: G1PauseRemark done
Event: 148.552 Executing safepoint VM operation: G1PauseCleanup
Event: 148.552 Executing safepoint VM operation: G1PauseCleanup done
Event: 149.563 Executing safepoint VM operation: Cleanup
Event: 149.610 Executing safepoint VM operation: Cleanup done
Event: 150.614 Executing safepoint VM operation: Cleanup
Event: 150.615 Executing safepoint VM operation: Cleanup done
Event: 150.855 Executing non-safepoint VM operation: HandshakeAllThreads (Deoptimize)
Event: 150.856 Executing non-safepoint VM operation: HandshakeAllThreads (Deoptimize) done
Event: 150.886 Executing non-safepoint VM operation: HandshakeAllThreads (Deoptimize)
Event: 150.886 Executing non-safepoint VM operation: HandshakeAllThreads (Deoptimize) done
Event: 151.891 Executing safepoint VM operation: Cleanup
Event: 151.891 Executing safepoint VM operation: Cleanup done
Event: 152.903 Executing safepoint VM operation: Cleanup
Event: 152.903 Executing safepoint VM operation: Cleanup done

Memory protections (0 events):
No events

Nmethod flushes (20 events):
Event: 148.442 Thread 0x000001accc951e80 flushing  nmethod 0x000001aca2957310
Event: 148.442 Thread 0x000001accc951e80 flushing  nmethod 0x000001aca29d5a10
Event: 148.442 Thread 0x000001accc951e80 flushing  nmethod 0x000001aca29d5d90
Event: 148.442 Thread 0x000001accc951e80 flushing  nmethod 0x000001aca2ad0c90
Event: 148.442 Thread 0x000001accc951e80 flushing  nmethod 0x000001aca2b23f90
Event: 148.442 Thread 0x000001accc951e80 flushing  nmethod 0x000001aca2d6ab10
Event: 148.442 Thread 0x000001accc951e80 flushing  nmethod 0x000001aca2d6b710
Event: 148.442 Thread 0x000001accc951e80 flushing  nmethod 0x000001aca2d87f90
Event: 148.442 Thread 0x000001accc951e80 flushing  nmethod 0x000001aca2d8ca10
Event: 148.442 Thread 0x000001accc951e80 flushing  nmethod 0x000001aca2e2fc10
Event: 148.442 Thread 0x000001accc951e80 flushing  nmethod 0x000001aca2e31a90
Event: 148.442 Thread 0x000001accc951e80 flushing  nmethod 0x000001aca2e52610
Event: 148.442 Thread 0x000001accc951e80 flushing  nmethod 0x000001aca2e5eb10
Event: 148.442 Thread 0x000001accc951e80 flushing  nmethod 0x000001aca2f16c10
Event: 148.442 Thread 0x000001accc951e80 flushing  nmethod 0x000001aca2f20790
Event: 148.442 Thread 0x000001accc951e80 flushing  nmethod 0x000001aca2f69b90
Event: 148.442 Thread 0x000001accc951e80 flushing  nmethod 0x000001aca3088a10
Event: 148.442 Thread 0x000001accc951e80 flushing  nmethod 0x000001aca3089e10
Event: 148.442 Thread 0x000001accc951e80 flushing  nmethod 0x000001aca3229f90
Event: 148.442 Thread 0x000001accc951e80 flushing  nmethod 0x000001aca36eb710

Events (20 events):
Event: 56.161 Thread 0x000001ad18d248b0 Thread added: 0x000001ad18d1dc50
Event: 57.379 Thread 0x000001ad18d1dc50 Thread added: 0x000001ad18d1b4f0
Event: 59.496 Thread 0x000001ad18d1b4f0 Thread exited: 0x000001ad18d1b4f0
Event: 60.218 Thread 0x000001ad18d1dc50 Thread added: 0x000001ad18d19ab0
Event: 60.229 Thread 0x000001ad18d1dc50 Thread added: 0x000001ad18d1a140
Event: 60.234 Thread 0x000001ad18d1dc50 Thread added: 0x000001ad18d18700
Event: 60.501 Thread 0x000001ad18d1dc50 Thread added: 0x000001ad18d1f690
Event: 60.502 Thread 0x000001ad18d1dc50 Thread added: 0x000001ad18d1fd20
Event: 60.796 Thread 0x000001ad18d1f690 Thread added: 0x000001ad18d1a7d0
Event: 126.221 Thread 0x000001ad15b794e0 Thread added: 0x000001ad18d1d5c0
Event: 126.222 Thread 0x000001ad15b794e0 Thread added: 0x000001ad18d1b4f0
Event: 126.222 Thread 0x000001ad15b794e0 Thread added: 0x000001ad18d1bb80
Event: 126.422 Thread 0x000001ad15b794e0 Thread added: 0x000001ad18d1e2e0
Event: 126.423 Thread 0x000001ad15b794e0 Thread added: 0x000001ad18d1c210
Event: 126.426 Thread 0x000001ad15b794e0 Thread added: 0x000001ad18d1c8a0
Event: 127.035 Thread 0x000001ad15b794e0 Thread added: 0x000001ad18d1cf30
Event: 127.036 Thread 0x000001ad15b794e0 Thread added: 0x000001ad18d1e970
Event: 127.037 Thread 0x000001ad15b794e0 Thread added: 0x000001ad18d1f000
Event: 127.386 Thread 0x000001ad18d1a140 Thread exited: 0x000001ad18d1a140
Event: 135.651 Thread 0x000001ad15b794e0 Thread added: 0x000001ad18753a30


Dynamic libraries:
0x00007ff736a60000 - 0x00007ff736a6e000 	C:\Users\WINDOWS 11\.vscode\extensions\redhat.java-1.53.0-win32-x64\jre\21.0.10-win32-x86_64\bin\java.exe
0x00007ffce63b0000 - 0x00007ffce65c8000 	C:\WINDOWS\SYSTEM32\ntdll.dll
0x00007ffce5b90000 - 0x00007ffce5c54000 	C:\WINDOWS\System32\KERNEL32.DLL
0x00007ffce36a0000 - 0x00007ffce3a73000 	C:\WINDOWS\System32\KERNELBASE.dll
0x00007ffce3580000 - 0x00007ffce3691000 	C:\WINDOWS\System32\ucrtbase.dll
0x00007ffcd82a0000 - 0x00007ffcd82b8000 	C:\Users\WINDOWS 11\.vscode\extensions\redhat.java-1.53.0-win32-x64\jre\21.0.10-win32-x86_64\bin\jli.dll
0x00007ffce4820000 - 0x00007ffce49d2000 	C:\WINDOWS\System32\USER32.dll
0x00007ffce3ff0000 - 0x00007ffce4016000 	C:\WINDOWS\System32\win32u.dll
0x00007ffce5610000 - 0x00007ffce5639000 	C:\WINDOWS\System32\GDI32.dll
0x00007ffce3db0000 - 0x00007ffce3ecb000 	C:\WINDOWS\System32\gdi32full.dll
0x00007ffce3f50000 - 0x00007ffce3fea000 	C:\WINDOWS\System32\msvcp_win.dll
0x00007ffcd8250000 - 0x00007ffcd826e000 	C:\Users\WINDOWS 11\.vscode\extensions\redhat.java-1.53.0-win32-x64\jre\21.0.10-win32-x86_64\bin\VCRUNTIME140.dll
0x00007ffcc91a0000 - 0x00007ffcc943c000 	C:\WINDOWS\WinSxS\amd64_microsoft.windows.common-controls_6595b64144ccf1df_6.0.22621.6060_none_2712eda17382d24b\COMCTL32.dll
0x00007ffce41e0000 - 0x00007ffce4287000 	C:\WINDOWS\System32\msvcrt.dll
0x00007ffce6120000 - 0x00007ffce6151000 	C:\WINDOWS\System32\IMM32.DLL
0x000000006dce0000 - 0x000000006dced000 	C:\Program Files (x86)\360\Total Security\safemon\SafeWrapper.dll
0x00007ffce4290000 - 0x00007ffce4341000 	C:\WINDOWS\System32\ADVAPI32.dll
0x00007ffce5430000 - 0x00007ffce54d8000 	C:\WINDOWS\System32\sechost.dll
0x00007ffce4020000 - 0x00007ffce4048000 	C:\WINDOWS\System32\bcrypt.dll
0x00007ffce5cd0000 - 0x00007ffce5de8000 	C:\WINDOWS\System32\RPCRT4.dll
0x00007ffcdd470000 - 0x00007ffcdd575000 	C:\Program Files (x86)\360\Total Security\safemon\libzdtp64.dll
0x00007ffce4b90000 - 0x00007ffce542c000 	C:\WINDOWS\System32\SHELL32.dll
0x00007ffce3a80000 - 0x00007ffce3bbf000 	C:\WINDOWS\System32\wintypes.dll
0x00007ffce56e0000 - 0x00007ffce5a71000 	C:\WINDOWS\System32\combase.dll
0x00007ffce5c60000 - 0x00007ffce5cc9000 	C:\WINDOWS\System32\SHLWAPI.dll
0x00007ffce3030000 - 0x00007ffce303a000 	C:\WINDOWS\SYSTEM32\VERSION.dll
0x00007ffcd99c0000 - 0x00007ffcd99cc000 	C:\Users\WINDOWS 11\.vscode\extensions\redhat.java-1.53.0-win32-x64\jre\21.0.10-win32-x86_64\bin\vcruntime140_1.dll
0x00007ffcbe700000 - 0x00007ffcbe78d000 	C:\Users\WINDOWS 11\.vscode\extensions\redhat.java-1.53.0-win32-x64\jre\21.0.10-win32-x86_64\bin\msvcp140.dll
0x00007ffca70e0000 - 0x00007ffca7e81000 	C:\Users\WINDOWS 11\.vscode\extensions\redhat.java-1.53.0-win32-x64\jre\21.0.10-win32-x86_64\bin\server\jvm.dll
0x00007ffce4a00000 - 0x00007ffce4a71000 	C:\WINDOWS\System32\WS2_32.dll
0x00007ffce3390000 - 0x00007ffce33dd000 	C:\WINDOWS\SYSTEM32\POWRPROF.dll
0x00007ffcd9ec0000 - 0x00007ffcd9ef4000 	C:\WINDOWS\SYSTEM32\WINMM.dll
0x00007ffce3370000 - 0x00007ffce3383000 	C:\WINDOWS\SYSTEM32\UMPDC.dll
0x00007ffce23f0000 - 0x00007ffce2408000 	C:\WINDOWS\SYSTEM32\kernel.appcore.dll
0x00007ffcd8120000 - 0x00007ffcd812a000 	C:\Users\WINDOWS 11\.vscode\extensions\redhat.java-1.53.0-win32-x64\jre\21.0.10-win32-x86_64\bin\jimage.dll
0x00007ffce0eb0000 - 0x00007ffce10e3000 	C:\WINDOWS\SYSTEM32\DBGHELP.DLL
0x00007ffce5df0000 - 0x00007ffce5ec8000 	C:\WINDOWS\System32\OLEAUT32.dll
0x00007ffcc3670000 - 0x00007ffcc36a2000 	C:\WINDOWS\SYSTEM32\dbgcore.DLL
0x00007ffce3ed0000 - 0x00007ffce3f4b000 	C:\WINDOWS\System32\bcryptPrimitives.dll
0x00007ffcd0d60000 - 0x00007ffcd0d6f000 	C:\Users\WINDOWS 11\.vscode\extensions\redhat.java-1.53.0-win32-x64\jre\21.0.10-win32-x86_64\bin\instrument.dll
0x00007ffcd51c0000 - 0x00007ffcd51e0000 	C:\Users\WINDOWS 11\.vscode\extensions\redhat.java-1.53.0-win32-x64\jre\21.0.10-win32-x86_64\bin\java.dll
0x00007ffce1300000 - 0x00007ffce1c1a000 	C:\WINDOWS\SYSTEM32\windows.storage.dll
0x00007ffce4a80000 - 0x00007ffce4b84000 	C:\WINDOWS\System32\SHCORE.dll
0x00007ffce33f0000 - 0x00007ffce3415000 	C:\WINDOWS\SYSTEM32\profapi.dll
0x00007ffccc570000 - 0x00007ffccc588000 	C:\Users\WINDOWS 11\.vscode\extensions\redhat.java-1.53.0-win32-x64\jre\21.0.10-win32-x86_64\bin\zip.dll
0x00007ffcd4f80000 - 0x00007ffcd4f90000 	C:\Users\WINDOWS 11\.vscode\extensions\redhat.java-1.53.0-win32-x64\jre\21.0.10-win32-x86_64\bin\net.dll
0x00007ffcdc490000 - 0x00007ffcdc5bc000 	C:\WINDOWS\SYSTEM32\WINHTTP.dll
0x00007ffce28c0000 - 0x00007ffce2929000 	C:\WINDOWS\system32\mswsock.dll
0x00007ffccc330000 - 0x00007ffccc346000 	C:\Users\WINDOWS 11\.vscode\extensions\redhat.java-1.53.0-win32-x64\jre\21.0.10-win32-x86_64\bin\nio.dll
0x00007ffcd0240000 - 0x00007ffcd0250000 	C:\Users\WINDOWS 11\.vscode\extensions\redhat.java-1.53.0-win32-x64\jre\21.0.10-win32-x86_64\bin\verify.dll
0x00007ffcc6e20000 - 0x00007ffcc6e47000 	C:\Users\WINDOWS 11\.gradle\native\1def1411415f61bf3af743bc5b6707747c0891f09f0c88961ee8f79bc544acac\windows-amd64\native-platform.dll
0x00007ffc69980000 - 0x00007ffc699f8000 	C:\Users\WINDOWS 11\.gradle\native\0.2.7\x86_64-windows-gnu\gradle-fileevents.dll
0x00007ffcd4e50000 - 0x00007ffcd4e5a000 	C:\Users\WINDOWS 11\.vscode\extensions\redhat.java-1.53.0-win32-x64\jre\21.0.10-win32-x86_64\bin\management.dll
0x00007ffcd4d90000 - 0x00007ffcd4d9c000 	C:\Users\WINDOWS 11\.vscode\extensions\redhat.java-1.53.0-win32-x64\jre\21.0.10-win32-x86_64\bin\management_ext.dll
0x00007ffce49f0000 - 0x00007ffce49f8000 	C:\WINDOWS\System32\PSAPI.DLL
0x00007ffce1ec0000 - 0x00007ffce1eed000 	C:\WINDOWS\SYSTEM32\IPHLPAPI.DLL
0x00007ffce56d0000 - 0x00007ffce56d9000 	C:\WINDOWS\System32\NSI.dll
0x00007ffcd1350000 - 0x00007ffcd1359000 	C:\Users\WINDOWS 11\.vscode\extensions\redhat.java-1.53.0-win32-x64\jre\21.0.10-win32-x86_64\bin\extnet.dll
0x00007ffce2b40000 - 0x00007ffce2b5b000 	C:\WINDOWS\SYSTEM32\CRYPTSP.dll
0x00007ffce2350000 - 0x00007ffce2387000 	C:\WINDOWS\system32\rsaenh.dll
0x00007ffce29e0000 - 0x00007ffce2a08000 	C:\WINDOWS\SYSTEM32\USERENV.dll
0x00007ffce2b60000 - 0x00007ffce2b6c000 	C:\WINDOWS\SYSTEM32\CRYPTBASE.dll
0x00007ffcd2790000 - 0x00007ffcd279e000 	C:\Users\WINDOWS 11\.vscode\extensions\redhat.java-1.53.0-win32-x64\jre\21.0.10-win32-x86_64\bin\sunmscapi.dll
0x00007ffce3bc0000 - 0x00007ffce3d28000 	C:\WINDOWS\System32\CRYPT32.dll
0x00007ffce2d20000 - 0x00007ffce2d4e000 	C:\WINDOWS\SYSTEM32\ncrypt.dll
0x00007ffce2ce0000 - 0x00007ffce2d17000 	C:\WINDOWS\SYSTEM32\NTASN1.dll
0x00007ffcd2720000 - 0x00007ffcd2728000 	C:\WINDOWS\system32\wshunix.dll
0x00007ffcbb0b0000 - 0x00007ffcbb0c7000 	C:\WINDOWS\system32\napinsp.dll
0x00007ffcbb090000 - 0x00007ffcbb0ab000 	C:\WINDOWS\system32\pnrpnsp.dll
0x00007ffce1ef0000 - 0x00007ffce1fe8000 	C:\WINDOWS\SYSTEM32\DNSAPI.dll
0x00007ffcbb070000 - 0x00007ffcbb081000 	C:\WINDOWS\System32\winrnr.dll
0x00007ffcda710000 - 0x00007ffcda725000 	C:\WINDOWS\system32\wshbth.dll
0x00007ffcbb040000 - 0x00007ffcbb061000 	C:\WINDOWS\system32\nlansp_c.dll
0x00007ffcdd680000 - 0x00007ffcdd68a000 	C:\Windows\System32\rasadhlp.dll
0x00007ffcda250000 - 0x00007ffcda2d4000 	C:\WINDOWS\System32\fwpuclnt.dll
0x00007ffccdec0000 - 0x00007ffccdec7000 	C:\Users\WINDOWS 11\.vscode\extensions\redhat.java-1.53.0-win32-x64\jre\21.0.10-win32-x86_64\bin\rmi.dll

JVMTI agents:
C:\Users\WINDOWS 11\.gradle\wrapper\dists\gradle-8.14-all\c2qonpi39x1mddn7hk5gh9iqj\gradle-8.14\lib\agents\gradle-instrumentation-agent-8.14.jar path:C:\Users\WINDOWS 11\.vscode\extensions\redhat.java-1.53.0-win32-x64\jre\21.0.10-win32-x86_64\bin\instrument.dll, loaded, initialized, instrumentlib options:none

dbghelp: loaded successfully - version: 4.0.5 - missing functions: none
symbol engine: initialized successfully - sym options: 0x614 - pdb path: .;C:\Users\WINDOWS 11\.vscode\extensions\redhat.java-1.53.0-win32-x64\jre\21.0.10-win32-x86_64\bin;C:\WINDOWS\SYSTEM32;C:\WINDOWS\WinSxS\amd64_microsoft.windows.common-controls_6595b64144ccf1df_6.0.22621.6060_none_2712eda17382d24b;C:\Program Files (x86)\360\Total Security\safemon;C:\Users\WINDOWS 11\.vscode\extensions\redhat.java-1.53.0-win32-x64\jre\21.0.10-win32-x86_64\bin\server;C:\Users\WINDOWS 11\.gradle\native\1def1411415f61bf3af743bc5b6707747c0891f09f0c88961ee8f79bc544acac\windows-amd64;C:\Users\WINDOWS 11\.gradle\native\0.2.7\x86_64-windows-gnu

VM Arguments:
jvm_args: --add-opens=java.base/java.lang=ALL-UNNAMED --add-opens=java.base/java.lang.invoke=ALL-UNNAMED --add-opens=java.base/java.util=ALL-UNNAMED --add-opens=java.prefs/java.util.prefs=ALL-UNNAMED --add-exports=jdk.compiler/com.sun.tools.javac.api=ALL-UNNAMED --add-exports=jdk.compiler/com.sun.tools.javac.util=ALL-UNNAMED --add-opens=java.base/java.util=ALL-UNNAMED --add-opens=java.prefs/java.util.prefs=ALL-UNNAMED --add-opens=java.base/java.nio.charset=ALL-UNNAMED --add-opens=java.base/java.net=ALL-UNNAMED --add-opens=java.base/java.util.concurrent.atomic=ALL-UNNAMED --add-opens=java.xml/javax.xml.namespace=ALL-UNNAMED -XX:MaxMetaspaceSize=4G -XX:ReservedCodeCacheSize=512m -XX:+HeapDumpOnOutOfMemoryError -Xmx8G -Dfile.encoding=UTF-8 -Duser.country=US -Duser.language=en -Duser.variant -javaagent:C:\Users\WINDOWS 11\.gradle\wrapper\dists\gradle-8.14-all\c2qonpi39x1mddn7hk5gh9iqj\gradle-8.14\lib\agents\gradle-instrumentation-agent-8.14.jar 
java_command: org.gradle.launcher.daemon.bootstrap.GradleDaemon 8.14
java_class_path (initial): C:\Users\WINDOWS 11\.gradle\wrapper\dists\gradle-8.14-all\c2qonpi39x1mddn7hk5gh9iqj\gradle-8.14\lib\gradle-daemon-main-8.14.jar
Launcher Type: SUN_STANDARD

[Global flags]
     intx CICompilerCount                          = 3                                         {product} {ergonomic}
     uint ConcGCThreads                            = 1                                         {product} {ergonomic}
     uint G1ConcRefinementThreads                  = 4                                         {product} {ergonomic}
   size_t G1HeapRegionSize                         = 4194304                                   {product} {ergonomic}
    uintx GCDrainStackTargetSize                   = 64                                        {product} {ergonomic}
     bool HeapDumpOnOutOfMemoryError               = true                                   {manageable} {command line}
   size_t InitialHeapSize                          = 100663296                                 {product} {ergonomic}
   size_t MarkStackSize                            = 4194304                                   {product} {ergonomic}
   size_t MaxHeapSize                              = 8589934592                                {product} {command line}
   size_t MaxMetaspaceSize                         = 4294967296                                {product} {command line}
   size_t MaxNewSize                               = 5150605312                                {product} {ergonomic}
   size_t MinHeapDeltaBytes                        = 4194304                                   {product} {ergonomic}
   size_t MinHeapSize                              = 8388608                                   {product} {ergonomic}
    uintx NonNMethodCodeHeapSize                   = 5832780                                {pd product} {ergonomic}
    uintx NonProfiledCodeHeapSize                  = 265519066                              {pd product} {ergonomic}
    uintx ProfiledCodeHeapSize                     = 265519066                              {pd product} {ergonomic}
    uintx ReservedCodeCacheSize                    = 536870912                              {pd product} {command line}
     bool SegmentedCodeCache                       = true                                      {product} {ergonomic}
   size_t SoftMaxHeapSize                          = 8589934592                             {manageable} {ergonomic}
     bool UseCompressedOops                        = true                           {product lp64_product} {ergonomic}
     bool UseG1GC                                  = true                                      {product} {ergonomic}
     bool UseLargePagesIndividualAllocation        = false                                  {pd product} {ergonomic}

Logging:
Log output configuration:
 #0: stdout all=warning uptime,level,tags foldmultilines=false
 #1: stderr all=off uptime,level,tags foldmultilines=false

Release file:
JAVA_VERSION="21.0.10" 
MODULES="java.base java.compiler java.datatransfer java.xml java.prefs java.desktop java.instrument java.logging java.management java.security.sasl java.naming java.rmi java.management.rmi java.net.http java.scripting java.security.jgss java.transaction.xa java.sql java.sql.rowset java.xml.crypto java.se java.smartcardio jdk.accessibility jdk.internal.jvmstat jdk.attach jdk.charsets jdk.internal.opt jdk.zipfs jdk.compiler jdk.crypto.ec jdk.crypto.cryptoki jdk.crypto.mscapi jdk.dynalink jdk.internal.ed jdk.editpad jdk.hotspot.agent jdk.httpserver jdk.internal.le jdk.internal.vm.ci jdk.internal.vm.compiler jdk.internal.vm.compiler.management jdk.jartool jdk.javadoc jdk.jcmd jdk.management jdk.management.agent jdk.jconsole jdk.jdeps jdk.jdwp.agent jdk.jdi jdk.jfr jdk.jshell jdk.jsobject jdk.jstatd jdk.localedata jdk.management.jfr jdk.naming.dns jdk.naming.rmi jdk.net jdk.nio.mapmode jdk.random jdk.sctp jdk.security.auth jdk.security.jgss jdk.unsupported jdk.unsupported.desktop jdk.xml.dom" 

Environment Variables:
PATH=F:\Microsoft VS Code;C:\Program Files\Common Files\Oracle\Java\javapath;C:\Program Files\Python311\Scripts\;C:\Program Files\Python311\;C:\Users\WINDOWS 11\AppData\Local\Android\Sdk;C:\ProgramData\Oracle\Java\javapath;C:\WINDOWS\system32;C:\WINDOWS;C:\WINDOWS\System32\Wbem;C:\WINDOWS\System32\WindowsPowerShell\v1.0\;C:\WINDOWS\System32\OpenSSH\;E:\php-8.2.12;C:\ProgramData\ComposerSetup\bin;C:\xampp\php;C:\Program Files\Git\cmd;C:\Program Files\PuTTY\;C:\Users\WINDOWS 11\Downloads\Programs\7-Zip;C:\Program Files\Docker\Docker\resources\bin;C:\Users\WINDOWS 11\AppData\Local\Programs\Python\Python313\Scripts;C:\Users\WINDOWS 11\AppData\Roaming\npm;F:\nodejs\;F:\npm-global;C:\laragon\bin\php\php-8.3.17-Win32-vs16-x64;C:\Program Files\cursor\resources\app\bin;C:\Program Files\Go\bin;C:\Users\WINDOWS 11\AppData\Local\Android\Sdk\platform-tools;C:\Program Files\PostgreSQL\18\bin;C:\Program Files\Java\jdk-17;C:\Program Files\Common Files\Oracle\Java\javapath;C:\Program Files\Python311\Scripts\;C:\Program Files\Python311\;C:\Users\WINDOWS 11\AppData\Local\Android\Sdk;C:\ProgramData\Oracle\Java\javapath;C:\WINDOWS\system32;C:\WINDOWS;C:\WINDOWS\System32\Wbem;C:\WINDOWS\System32\WindowsPowerShell\v1.0\;C:\WINDOWS\System32\OpenSSH\;E:\php-8.2.12;C:\ProgramData\ComposerSetup\bin;C:\xampp\php;C:\Program Files\Git\cmd;C:\Program Files\PuTTY\;C:\Users\WINDOWS 11\Downloads\Programs\7-Zip;C:\Program Files\Docker\Docker\resources\bin;C:\Users\WINDOWS 11\AppData\Local\Programs\Python\Python313\Scripts;C:\Users\WINDOWS 11\AppData\Roaming\npm;F:\nodejs\;F:\npm-global;C:\laragon\bin\php\php-8.3.17-Win32-vs16-x64;C:\Program Files\cursor\resources\app\bin;C:\Program Files\Go\bin;C:\Users\WINDOWS 11\AppData\Local\Android\Sdk\platform-tools;C:\Program Files\PostgreSQL\18\bin;C:\Program Files\Java\jdk-17;C:\Users\WINDOWS 11\scoop\shims;C:\Users\WINDOWS 11\AppData\Local\Android\Sdk;C:\ProgramData\Oracle\Java\javapath;C:\WINDOWS\syste;C:\flutter\bin;F:\PubCache\bin;C:\AndroidSDK\platform-tools;F:\Microsoft VS Code\bin
USERNAME=WINDOWS 11
OS=Windows_NT
PROCESSOR_IDENTIFIER=AMD64 Family 23 Model 24 Stepping 1, AuthenticAMD
TMP=C:\Users\WINDOW~1\AppData\Local\Temp
TEMP=C:\Users\WINDOW~1\AppData\Local\Temp




Periodic native trim disabled

---------------  S Y S T E M  ---------------

OS:
 Windows 11 , 64 bit Build 22621 (10.0.22621.5415)
OS uptime: 25 days 11:04 hours
Hyper-V role detected

CPU: total 4 (initial active 4) (4 cores per cpu, 2 threads per core) family 23 model 24 stepping 1 microcode 0x0, cx8, cmov, fxsr, ht, mmx, 3dnowpref, sse, sse2, sse3, ssse3, sse4a, sse4.1, sse4.2, popcnt, lzcnt, tsc, tscinvbit, avx, avx2, aes, clmul, bmi1, bmi2, adx, sha, fma, vzeroupper, clflush, clflushopt, hv, rdtscp, f16c
Processor Information for the first 4 processors :
  Max Mhz: 2600, Current Mhz: 2600, Mhz Limit: 2600

Memory: 4k page, system-wide physical 6082M (253M free)
TotalPageFile size 24514M (AvailPageFile size 8M)
current process WorkingSet (physical memory assigned to process): 386M, peak: 388M
current process commit charge ("private bytes"): 518M, peak: 521M

vm_info: OpenJDK 64-Bit Server VM (21.0.10+7-LTS) for windows-amd64 JRE (21.0.10+7-LTS), built on 2026-01-20T00:00:00Z by "admin" with MS VC++ 17.12 (VS2022)

END.
