#
# There is insufficient memory for the Java Runtime Environment to continue.
# Native memory allocation (malloc) failed to allocate 1048576 bytes. Error detail: AllocateHeap
# Possible reasons:
#   The system is out of physical RAM or swap space
#   This process is running with CompressedOops enabled, and the Java Heap may be blocking the growth of the native heap
# Possible solutions:
#   Reduce memory load on the system
#   Increase physical memory or swap space
#   Check if swap backing store is full
#   Decrease Java heap size (-Xmx/-Xms)
#   Decrease number of Java threads
#   Decrease Java thread stack sizes (-Xss)
#   Set larger code cache with -XX:ReservedCodeCacheSize=
#   JVM is running with Unscaled Compressed Oops mode in which the Java heap is
#     placed in the first 4GB address space. The Java Heap base address is the
#     maximum limit for the native heap growth. Please use -XX:HeapBaseMinAddress
#     to set the Java Heap base and to place the Java Heap above 4GB virtual address.
# This output file may be truncated or incomplete.
#
#  Out of Memory Error (allocation.cpp:44), pid=31064, tid=22888
#
# JRE version: OpenJDK Runtime Environment Temurin-21.0.10+7 (21.0.10+7) (build 21.0.10+7-LTS)
# Java VM: OpenJDK 64-Bit Server VM Temurin-21.0.10+7 (21.0.10+7-LTS, mixed mode, sharing, tiered, compressed oops, compressed class ptrs, parallel gc, windows-amd64)
# No core dump will be written. Minidumps are not enabled by default on client versions of Windows
#

---------------  S U M M A R Y ------------

Command Line: --add-modules=ALL-SYSTEM --add-opens=java.base/java.util=ALL-UNNAMED --add-opens=java.base/java.lang=ALL-UNNAMED --add-opens=java.base/sun.nio.fs=ALL-UNNAMED -Declipse.application=org.eclipse.jdt.ls.core.id1 -Dosgi.bundles.defaultStartLevel=4 -Declipse.product=org.eclipse.jdt.ls.core.product -Djava.import.generatesMetadataFilesAtProjectRoot=false -DDetectVMInstallationsJob.disabled=true -Dfile.encoding=utf8 -XX:+UseParallelGC -XX:GCTimeRatio=4 -XX:AdaptiveSizePolicyWeight=90 -Dsun.zip.disableMemoryMapping=true -Xmx2G -Xms100m -Xlog:disable -javaagent:c:\Users\WINDOWS 11\.vscode\extensions\redhat.java-1.53.0-win32-x64\lombok\lombok-1.18.39-4050.jar -XX:+HeapDumpOnOutOfMemoryError -XX:HeapDumpPath=c:\Users\WINDOWS 11\AppData\Roaming\Code\User\workspaceStorage\d3a88d71b7f6a1e49500e4d349ffea5f\redhat.java -Daether.dependencyCollector.impl=bf c:\Users\WINDOWS 11\.vscode\extensions\redhat.java-1.53.0-win32-x64\server\plugins\org.eclipse.equinox.launcher_1.7.100.v20251111-0406.jar -configuration c:\Users\WINDOWS 11\AppData\Roaming\Code\User\globalStorage\redhat.java\1.53.0\config_win -data c:\Users\WINDOWS 11\AppData\Roaming\Code\User\workspaceStorage\d3a88d71b7f6a1e49500e4d349ffea5f\redhat.java\jdt_ws --pipe=\\.\pipe\lsp-4d8270f00fab0991c505ce54841c8193-sock

Host: AMD Ryzen 3 3250U with Radeon Graphics         , 4 cores, 5G,  Windows 11 , 64 bit Build 22621 (10.0.22621.5415)
Time: Tue Apr  7 22:45:20 2026 SE Asia Standard Time elapsed time: 2740.430218 seconds (0d 0h 45m 40s)

---------------  T H R E A D  ---------------

Current thread (0x0000021da71b3bb0):  JavaThread "Attach Listener" daemon [_thread_in_vm, id=22888, stack(0x00000096fec00000,0x00000096fed00000) (1024K)]

Stack: [0x00000096fec00000,0x00000096fed00000]
Native frames: (J=compiled Java code, j=interpreted, Vv=VM code, C=native code)
V  [jvm.dll+0x6d7a39]
V  [jvm.dll+0x8b4b26]
V  [jvm.dll+0x8b70de]
V  [jvm.dll+0x8b77c3]
V  [jvm.dll+0x284346]
V  [jvm.dll+0xc1277]
V  [jvm.dll+0x6d82e9]
V  [jvm.dll+0x1334a6]
V  [jvm.dll+0x3f857e]
V  [jvm.dll+0x85f59d]
V  [jvm.dll+0x6d626d]
C  [ucrtbase.dll+0x29333]
C  [KERNEL32.DLL+0x1259d]
C  [ntdll.dll+0x5af78]


---------------  P R O C E S S  ---------------

Threads class SMR info:
_java_thread_list=0x0000021df0ff6e10, length=36, elements={
0x0000021d8e492d50, 0x0000021d9085e3a0, 0x0000021da71b1970, 0x0000021da71b2e90,
0x0000021da71b3bb0, 0x0000021da71b6430, 0x0000021da71b6fc0, 0x0000021da71bae20,
0x0000021da722b930, 0x0000021ded19c2b0, 0x0000021ded289780, 0x0000021dedbd0b40,
0x0000021ded7e7be0, 0x0000021ded7fb420, 0x0000021ded7fba90, 0x0000021ded5874d0,
0x0000021dee10b780, 0x0000021dedf3b760, 0x0000021dee2507d0, 0x0000021dee250140,
0x0000021dee2514f0, 0x0000021def6f4270, 0x0000021def6fa4e0, 0x0000021def6f4900,
0x0000021def6f9130, 0x0000021def6f3550, 0x0000021def6f3be0, 0x0000021def6f69d0,
0x0000021def6f6340, 0x0000021def6f4f90, 0x0000021def6f5620, 0x0000021def6f8410,
0x0000021def6f9e50, 0x0000021df1a27080, 0x0000021df1a20e10, 0x0000021df1a24920
}

Java Threads: ( => current thread )
  0x0000021d8e492d50 JavaThread "main"                              [_thread_blocked, id=27916, stack(0x00000096fe400000,0x00000096fe500000) (1024K)]
  0x0000021d9085e3a0 JavaThread "Reference Handler"          daemon [_thread_blocked, id=27124, stack(0x00000096fe900000,0x00000096fea00000) (1024K)]
  0x0000021da71b1970 JavaThread "Finalizer"                  daemon [_thread_blocked, id=3184, stack(0x00000096fea00000,0x00000096feb00000) (1024K)]
  0x0000021da71b2e90 JavaThread "Signal Dispatcher"          daemon [_thread_blocked, id=28108, stack(0x00000096feb00000,0x00000096fec00000) (1024K)]
=>0x0000021da71b3bb0 JavaThread "Attach Listener"            daemon [_thread_in_vm, id=22888, stack(0x00000096fec00000,0x00000096fed00000) (1024K)]
  0x0000021da71b6430 JavaThread "Service Thread"             daemon [_thread_blocked, id=1928, stack(0x00000096fed00000,0x00000096fee00000) (1024K)]
  0x0000021da71b6fc0 JavaThread "Monitor Deflation Thread"   daemon [_thread_blocked, id=28920, stack(0x00000096fee00000,0x00000096fef00000) (1024K)]
  0x0000021da71bae20 JavaThread "C2 CompilerThread0"         daemon [_thread_blocked, id=30664, stack(0x00000096fef00000,0x00000096ff000000) (1024K)]
  0x0000021da722b930 JavaThread "C1 CompilerThread0"         daemon [_thread_blocked, id=27004, stack(0x00000096ff000000,0x00000096ff100000) (1024K)]
  0x0000021ded19c2b0 JavaThread "Common-Cleaner"             daemon [_thread_blocked, id=26224, stack(0x00000096ff100000,0x00000096ff200000) (1024K)]
  0x0000021ded289780 JavaThread "Notification Thread"        daemon [_thread_blocked, id=5560, stack(0x00000096ff200000,0x00000096ff300000) (1024K)]
  0x0000021dedbd0b40 JavaThread "Active Thread: Equinox Container: 3cda8236-17dc-4c83-8f6e-ed71ca1c4346"        [_thread_blocked, id=32280, stack(0x00000096ff600000,0x00000096ff700000) (1024K)]
  0x0000021ded7e7be0 JavaThread "Refresh Thread: Equinox Container: 3cda8236-17dc-4c83-8f6e-ed71ca1c4346" daemon [_thread_blocked, id=30768, stack(0x00000096ff700000,0x00000096ff800000) (1024K)]
  0x0000021ded7fb420 JavaThread "Framework Event Dispatcher: Equinox Container: 3cda8236-17dc-4c83-8f6e-ed71ca1c4346" daemon [_thread_blocked, id=1180, stack(0x00000096ff800000,0x00000096ff900000) (1024K)]
  0x0000021ded7fba90 JavaThread "Start Level: Equinox Container: 3cda8236-17dc-4c83-8f6e-ed71ca1c4346" daemon [_thread_blocked, id=28896, stack(0x00000096ff900000,0x00000096ffa00000) (1024K)]
  0x0000021ded5874d0 JavaThread "Bundle File Closer"         daemon [_thread_blocked, id=27972, stack(0x00000096ffa00000,0x00000096ffb00000) (1024K)]
  0x0000021dee10b780 JavaThread "SCR Component Actor"        daemon [_thread_blocked, id=17240, stack(0x00000096ffb00000,0x00000096ffc00000) (1024K)]
  0x0000021dedf3b760 JavaThread "Worker-JM"                         [_thread_blocked, id=31220, stack(0x00000096ffd00000,0x00000096ffe00000) (1024K)]
  0x0000021dee2507d0 JavaThread "JNA Cleaner"                daemon [_thread_blocked, id=11624, stack(0x00000096ffc00000,0x00000096ffd00000) (1024K)]
  0x0000021dee250140 JavaThread "Worker-1"                          [_thread_blocked, id=27432, stack(0x00000096fff00000,0x0000009700000000) (1024K)]
  0x0000021dee2514f0 JavaThread "Java indexing"              daemon [_thread_blocked, id=248, stack(0x0000009680500000,0x0000009680600000) (1024K)]
  0x0000021def6f4270 JavaThread "Worker-7"                          [_thread_blocked, id=27772, stack(0x0000009680600000,0x0000009680700000) (1024K)]
  0x0000021def6fa4e0 JavaThread "Thread-1"                   daemon [_thread_in_native, id=18136, stack(0x0000009680700000,0x0000009680800000) (1024K)]
  0x0000021def6f4900 JavaThread "Thread-2"                   daemon [_thread_in_native, id=13264, stack(0x0000009680800000,0x0000009680900000) (1024K)]
  0x0000021def6f9130 JavaThread "Thread-3"                   daemon [_thread_in_native, id=33264, stack(0x0000009680900000,0x0000009680a00000) (1024K)]
  0x0000021def6f3550 JavaThread "Thread-4"                   daemon [_thread_in_native, id=30992, stack(0x0000009680a00000,0x0000009680b00000) (1024K)]
  0x0000021def6f3be0 JavaThread "Thread-5"                   daemon [_thread_in_native, id=18756, stack(0x0000009680b00000,0x0000009680c00000) (1024K)]
  0x0000021def6f69d0 JavaThread "pool-2-thread-1"                   [_thread_blocked, id=24364, stack(0x0000009680c00000,0x0000009680d00000) (1024K)]
  0x0000021def6f6340 JavaThread "Timer-0"                           [_thread_blocked, id=13344, stack(0x0000009680e00000,0x0000009680f00000) (1024K)]
  0x0000021def6f4f90 JavaThread "Timer-1"                           [_thread_blocked, id=1908, stack(0x0000009680f00000,0x0000009681000000) (1024K)]
  0x0000021def6f5620 JavaThread "WorkspaceEventsHandler"            [_thread_blocked, id=6204, stack(0x0000009681100000,0x0000009681200000) (1024K)]
  0x0000021def6f8410 JavaThread "pool-1-thread-1"                   [_thread_blocked, id=2800, stack(0x0000009681200000,0x0000009681300000) (1024K)]
  0x0000021def6f9e50 JavaThread "Timer-2"                           [_thread_blocked, id=8848, stack(0x0000009681500000,0x0000009681600000) (1024K)]
  0x0000021df1a27080 JavaThread "Timer-3"                           [_thread_blocked, id=11496, stack(0x0000009681000000,0x0000009681100000) (1024K)]
  0x0000021df1a20e10 JavaThread "Timer-4"                           [_thread_blocked, id=30468, stack(0x0000009681700000,0x0000009681800000) (1024K)]
  0x0000021df1a24920 JavaThread "Timer-5"                           [_thread_blocked, id=16220, stack(0x0000009681800000,0x0000009681900000) (1024K)]
Total: 36

Other Threads:
  0x0000021da71afe90 VMThread "VM Thread"                           [id=2640, stack(0x00000096fe800000,0x00000096fe900000) (1024K)]
  0x0000021da712bb20 WatcherThread "VM Periodic Task Thread"        [id=11568, stack(0x00000096fe700000,0x00000096fe800000) (1024K)]
  0x0000021d907eab60 WorkerThread "GC Thread#0"                     [id=21476, stack(0x00000096fe600000,0x00000096fe700000) (1024K)]
  0x0000021ded58f730 WorkerThread "GC Thread#1"                     [id=28092, stack(0x00000096ff300000,0x00000096ff400000) (1024K)]
  0x0000021ded3c9460 WorkerThread "GC Thread#2"                     [id=108, stack(0x00000096ff400000,0x00000096ff500000) (1024K)]
  0x0000021ded402ad0 WorkerThread "GC Thread#3"                     [id=16912, stack(0x00000096ff500000,0x00000096ff600000) (1024K)]
Total: 6

Threads with active compile tasks:
Total: 0

VM state: not at safepoint (normal execution)

VM Mutex/Monitor currently owned by a thread: None

Heap address: 0x0000000080000000, size: 2048 MB, Compressed Oops mode: 32-bit

CDS archive(s) mapped at: [0x0000021da8000000-0x0000021da8ba0000-0x0000021da8ba0000), size 12189696, SharedBaseAddress: 0x0000021da8000000, ArchiveRelocationMode: 1.
Compressed class space mapped at: 0x0000021da9000000-0x0000021de9000000, reserved size: 1073741824
Narrow klass base: 0x0000021da8000000, Narrow klass shift: 0, Narrow klass range: 0x100000000

GC Precious Log:
 CardTable entry size: 512
 CPUs: 4 total, 4 available
 Memory: 6082M
 Large Page Support: Disabled
 NUMA Support: Disabled
 Compressed Oops: Enabled (32-bit)
 Alignments: Space 512K, Generation 512K, Heap 2M
 Heap Min Capacity: 100M
 Heap Initial Capacity: 100M
 Heap Max Capacity: 2G
 Pre-touch: Disabled
 Parallel Workers: 4

Heap:
 PSYoungGen      total 13824K, used 12500K [0x00000000d5580000, 0x00000000d6580000, 0x0000000100000000)
  eden space 13312K, 90% used [0x00000000d5580000,0x00000000d6135138,0x00000000d6280000)
  from space 512K, 100% used [0x00000000d6300000,0x00000000d6380000,0x00000000d6380000)
  to   space 1536K, 0% used [0x00000000d6400000,0x00000000d6400000,0x00000000d6580000)
 ParOldGen       total 87552K, used 87482K [0x0000000080000000, 0x0000000085580000, 0x00000000d5580000)
  object space 87552K, 99% used [0x0000000080000000,0x000000008556e958,0x0000000085580000)
 Metaspace       used 81353K, committed 83072K, reserved 1179648K
  class space    used 10414K, committed 11200K, reserved 1048576K

Card table byte_map: [0x0000021d90150000,0x0000021d90560000] _byte_map_base: 0x0000021d8fd50000

Marking Bits: (ParMarkBitMap*) 0x00007ffc90d63450
 Begin Bits: [0x0000021da2c50000, 0x0000021da4c50000)
 End Bits:   [0x0000021da4c50000, 0x0000021da6c50000)

Polling page: 0x0000021d8fe10000

Metaspace:

Usage:
  Non-class:     69.28 MB used.
      Class:     10.17 MB used.
       Both:     79.45 MB used.

Virtual space:
  Non-class space:      128.00 MB reserved,      70.19 MB ( 55%) committed,  2 nodes.
      Class space:        1.00 GB reserved,      10.94 MB (  1%) committed,  1 nodes.
             Both:        1.12 GB reserved,      81.12 MB (  7%) committed. 

Chunk freelists:
   Non-Class:  9.48 MB
       Class:  5.03 MB
        Both:  14.52 MB

MaxMetaspaceSize: unlimited
CompressedClassSpaceSize: 1.00 GB
Initial GC threshold: 21.00 MB
Current GC threshold: 97.31 MB
CDS: on
 - commit_granule_bytes: 65536.
 - commit_granule_words: 8192.
 - virtual_space_node_default_size: 8388608.
 - enlarge_chunks_in_place: 1.
 - use_allocation_guard: 0.


Internal statistics:

num_allocs_failed_limit: 9.
num_arena_births: 1560.
num_arena_deaths: 14.
num_vsnodes_births: 3.
num_vsnodes_deaths: 0.
num_space_committed: 1298.
num_space_uncommitted: 0.
num_chunks_returned_to_freelist: 23.
num_chunks_taken_from_freelist: 5178.
num_chunk_merges: 15.
num_chunk_splits: 3256.
num_chunks_enlarged: 1936.
num_inconsistent_stats: 0.

CodeHeap 'non-profiled nmethods': size=120000Kb used=7896Kb max_used=7896Kb free=112104Kb
 bounds [0x0000021d9b470000, 0x0000021d9bc30000, 0x0000021da29a0000]
CodeHeap 'profiled nmethods': size=120000Kb used=20212Kb max_used=20212Kb free=99787Kb
 bounds [0x0000021d939a0000, 0x0000021d94d60000, 0x0000021d9aed0000]
CodeHeap 'non-nmethods': size=5760Kb used=1448Kb max_used=1503Kb free=4312Kb
 bounds [0x0000021d9aed0000, 0x0000021d9b140000, 0x0000021d9b470000]
CodeCache: size=245760Kb, used=29556Kb, max_used=29611Kb, free=216203Kb
 total_blobs=10851, nmethods=10092, adapters=665, full_count=0
Compilation: enabled, stopped_count=0, restarted_count=0

Compilation events (20 events):
Event: 2406.734 Thread 0x0000021da722b930 10904       3       java.util.Optional::get (22 bytes)
Event: 2407.194 Thread 0x0000021da722b930 nmethod 10904 0x0000021d94d57210 code [0x0000021d94d573c0, 0x0000021d94d575e0]
Event: 2408.743 Thread 0x0000021da722b930 10905       1       org.eclipse.osgi.internal.framework.EquinoxContainer::getStorage (5 bytes)
Event: 2408.827 Thread 0x0000021da722b930 nmethod 10905 0x0000021d9bc25a10 code [0x0000021d9bc25ba0, 0x0000021d9bc25c68]
Event: 2589.049 Thread 0x0000021da722b930 10906       3       org.eclipse.jdt.ls.core.internal.ParentProcessWatcher::run (83 bytes)
Event: 2589.177 Thread 0x0000021da722b930 nmethod 10906 0x0000021d94d57710 code [0x0000021d94d579a0, 0x0000021d94d583d0]
Event: 2650.157 Thread 0x0000021da722b930 10908 % !   3       java.util.TimerThread::mainLoop @ 0 (232 bytes)
Event: 2650.251 Thread 0x0000021da722b930 nmethod 10908% 0x0000021d94d58710 code [0x0000021d94d589e0, 0x0000021d94d59890]
Event: 2659.109 Thread 0x0000021da722b930 10909       3       java.lang.ProcessHandleImpl::<init> (15 bytes)
Event: 2659.111 Thread 0x0000021da722b930 nmethod 10909 0x0000021d94d5a110 code [0x0000021d94d5a2c0, 0x0000021d94d5a430]
Event: 2692.885 Thread 0x0000021da722b930 10910   !   3       java.util.TimerThread::mainLoop (232 bytes)
Event: 2692.895 Thread 0x0000021da722b930 nmethod 10910 0x0000021d94d5a510 code [0x0000021d94d5a7e0, 0x0000021d94d5b5d8]
Event: 2695.414 Thread 0x0000021da71bae20 10911       4       java.util.TaskQueue::fixDown (108 bytes)
Event: 2695.494 Thread 0x0000021da71bae20 nmethod 10911 0x0000021d9bc25d10 code [0x0000021d9bc25ea0, 0x0000021d9bc25f58]
Event: 2719.146 Thread 0x0000021da722b930 10912       3       java.lang.ProcessHandleImpl::get (51 bytes)
Event: 2719.354 Thread 0x0000021da722b930 nmethod 10912 0x0000021d94d5be10 code [0x0000021d94d5c020, 0x0000021d94d5c628]
Event: 2739.148 Thread 0x0000021da722b930 10913       3       java.lang.ProcessHandle::of (5 bytes)
Event: 2739.149 Thread 0x0000021da722b930 nmethod 10913 0x0000021d94d5c890 code [0x0000021d94d5ca40, 0x0000021d94d5cb58]
Event: 2739.149 Thread 0x0000021da722b930 10914       3       java.lang.ProcessHandleImpl::isAlive (44 bytes)
Event: 2739.149 Thread 0x0000021da722b930 nmethod 10914 0x0000021d94d5cc10 code [0x0000021d94d5cdc0, 0x0000021d94d5d020]

GC Heap History (20 events):
Event: 524.957 GC heap before
{Heap before GC invocations=195 (full 3):
 PSYoungGen      total 13824K, used 13408K [0x00000000d5580000, 0x00000000d6400000, 0x0000000100000000)
  eden space 13312K, 100% used [0x00000000d5580000,0x00000000d6280000,0x00000000d6280000)
  from space 512K, 18% used [0x00000000d6300000,0x00000000d6318000,0x00000000d6380000)
  to   space 512K, 0% used [0x00000000d6380000,0x00000000d6380000,0x00000000d6400000)
 ParOldGen       total 87040K, used 86586K [0x0000000080000000, 0x0000000085500000, 0x00000000d5580000)
  object space 87040K, 99% used [0x0000000080000000,0x000000008548e958,0x0000000085500000)
 Metaspace       used 81196K, committed 82944K, reserved 1179648K
  class space    used 10399K, committed 11200K, reserved 1048576K
}
Event: 524.958 GC heap after
{Heap after GC invocations=195 (full 3):
 PSYoungGen      total 13824K, used 160K [0x00000000d5580000, 0x00000000d6400000, 0x0000000100000000)
  eden space 13312K, 0% used [0x00000000d5580000,0x00000000d5580000,0x00000000d6280000)
  from space 512K, 31% used [0x00000000d6380000,0x00000000d63a8000,0x00000000d6400000)
  to   space 512K, 0% used [0x00000000d6300000,0x00000000d6300000,0x00000000d6380000)
 ParOldGen       total 87040K, used 86634K [0x0000000080000000, 0x0000000085500000, 0x00000000d5580000)
  object space 87040K, 99% used [0x0000000080000000,0x000000008549a958,0x0000000085500000)
 Metaspace       used 81196K, committed 82944K, reserved 1179648K
  class space    used 10399K, committed 11200K, reserved 1048576K
}
Event: 525.137 GC heap before
{Heap before GC invocations=196 (full 3):
 PSYoungGen      total 13824K, used 13472K [0x00000000d5580000, 0x00000000d6400000, 0x0000000100000000)
  eden space 13312K, 100% used [0x00000000d5580000,0x00000000d6280000,0x00000000d6280000)
  from space 512K, 31% used [0x00000000d6380000,0x00000000d63a8000,0x00000000d6400000)
  to   space 512K, 0% used [0x00000000d6300000,0x00000000d6300000,0x00000000d6380000)
 ParOldGen       total 87040K, used 86634K [0x0000000080000000, 0x0000000085500000, 0x00000000d5580000)
  object space 87040K, 99% used [0x0000000080000000,0x000000008549a958,0x0000000085500000)
 Metaspace       used 81196K, committed 82944K, reserved 1179648K
  class space    used 10399K, committed 11200K, reserved 1048576K
}
Event: 525.138 GC heap after
{Heap after GC invocations=196 (full 3):
 PSYoungGen      total 13824K, used 128K [0x00000000d5580000, 0x00000000d6400000, 0x0000000100000000)
  eden space 13312K, 0% used [0x00000000d5580000,0x00000000d5580000,0x00000000d6280000)
  from space 512K, 25% used [0x00000000d6300000,0x00000000d6320000,0x00000000d6380000)
  to   space 512K, 0% used [0x00000000d6380000,0x00000000d6380000,0x00000000d6400000)
 ParOldGen       total 87040K, used 86690K [0x0000000080000000, 0x0000000085500000, 0x00000000d5580000)
  object space 87040K, 99% used [0x0000000080000000,0x00000000854a8958,0x0000000085500000)
 Metaspace       used 81196K, committed 82944K, reserved 1179648K
  class space    used 10399K, committed 11200K, reserved 1048576K
}
Event: 525.322 GC heap before
{Heap before GC invocations=197 (full 3):
 PSYoungGen      total 13824K, used 13440K [0x00000000d5580000, 0x00000000d6400000, 0x0000000100000000)
  eden space 13312K, 100% used [0x00000000d5580000,0x00000000d6280000,0x00000000d6280000)
  from space 512K, 25% used [0x00000000d6300000,0x00000000d6320000,0x00000000d6380000)
  to   space 512K, 0% used [0x00000000d6380000,0x00000000d6380000,0x00000000d6400000)
 ParOldGen       total 87040K, used 86690K [0x0000000080000000, 0x0000000085500000, 0x00000000d5580000)
  object space 87040K, 99% used [0x0000000080000000,0x00000000854a8958,0x0000000085500000)
 Metaspace       used 81196K, committed 82944K, reserved 1179648K
  class space    used 10399K, committed 11200K, reserved 1048576K
}
Event: 525.323 GC heap after
{Heap after GC invocations=197 (full 3):
 PSYoungGen      total 13824K, used 160K [0x00000000d5580000, 0x00000000d6400000, 0x0000000100000000)
  eden space 13312K, 0% used [0x00000000d5580000,0x00000000d5580000,0x00000000d6280000)
  from space 512K, 31% used [0x00000000d6380000,0x00000000d63a8000,0x00000000d6400000)
  to   space 512K, 0% used [0x00000000d6300000,0x00000000d6300000,0x00000000d6380000)
 ParOldGen       total 87040K, used 86746K [0x0000000080000000, 0x0000000085500000, 0x00000000d5580000)
  object space 87040K, 99% used [0x0000000080000000,0x00000000854b6958,0x0000000085500000)
 Metaspace       used 81196K, committed 82944K, reserved 1179648K
  class space    used 10399K, committed 11200K, reserved 1048576K
}
Event: 525.477 GC heap before
{Heap before GC invocations=198 (full 3):
 PSYoungGen      total 13824K, used 13472K [0x00000000d5580000, 0x00000000d6400000, 0x0000000100000000)
  eden space 13312K, 100% used [0x00000000d5580000,0x00000000d6280000,0x00000000d6280000)
  from space 512K, 31% used [0x00000000d6380000,0x00000000d63a8000,0x00000000d6400000)
  to   space 512K, 0% used [0x00000000d6300000,0x00000000d6300000,0x00000000d6380000)
 ParOldGen       total 87040K, used 86746K [0x0000000080000000, 0x0000000085500000, 0x00000000d5580000)
  object space 87040K, 99% used [0x0000000080000000,0x00000000854b6958,0x0000000085500000)
 Metaspace       used 81198K, committed 82944K, reserved 1179648K
  class space    used 10399K, committed 11200K, reserved 1048576K
}
Event: 525.478 GC heap after
{Heap after GC invocations=198 (full 3):
 PSYoungGen      total 13824K, used 128K [0x00000000d5580000, 0x00000000d6400000, 0x0000000100000000)
  eden space 13312K, 0% used [0x00000000d5580000,0x00000000d5580000,0x00000000d6280000)
  from space 512K, 25% used [0x00000000d6300000,0x00000000d6320000,0x00000000d6380000)
  to   space 512K, 0% used [0x00000000d6380000,0x00000000d6380000,0x00000000d6400000)
 ParOldGen       total 87040K, used 86794K [0x0000000080000000, 0x0000000085500000, 0x00000000d5580000)
  object space 87040K, 99% used [0x0000000080000000,0x00000000854c2958,0x0000000085500000)
 Metaspace       used 81198K, committed 82944K, reserved 1179648K
  class space    used 10399K, committed 11200K, reserved 1048576K
}
Event: 525.654 GC heap before
{Heap before GC invocations=199 (full 3):
 PSYoungGen      total 13824K, used 13440K [0x00000000d5580000, 0x00000000d6400000, 0x0000000100000000)
  eden space 13312K, 100% used [0x00000000d5580000,0x00000000d6280000,0x00000000d6280000)
  from space 512K, 25% used [0x00000000d6300000,0x00000000d6320000,0x00000000d6380000)
  to   space 512K, 0% used [0x00000000d6380000,0x00000000d6380000,0x00000000d6400000)
 ParOldGen       total 87040K, used 86794K [0x0000000080000000, 0x0000000085500000, 0x00000000d5580000)
  object space 87040K, 99% used [0x0000000080000000,0x00000000854c2958,0x0000000085500000)
 Metaspace       used 81198K, committed 82944K, reserved 1179648K
  class space    used 10399K, committed 11200K, reserved 1048576K
}
Event: 525.655 GC heap after
{Heap after GC invocations=199 (full 3):
 PSYoungGen      total 13824K, used 128K [0x00000000d5580000, 0x00000000d6400000, 0x0000000100000000)
  eden space 13312K, 0% used [0x00000000d5580000,0x00000000d5580000,0x00000000d6280000)
  from space 512K, 25% used [0x00000000d6380000,0x00000000d63a0000,0x00000000d6400000)
  to   space 512K, 0% used [0x00000000d6300000,0x00000000d6300000,0x00000000d6380000)
 ParOldGen       total 87040K, used 86834K [0x0000000080000000, 0x0000000085500000, 0x00000000d5580000)
  object space 87040K, 99% used [0x0000000080000000,0x00000000854cc958,0x0000000085500000)
 Metaspace       used 81198K, committed 82944K, reserved 1179648K
  class space    used 10399K, committed 11200K, reserved 1048576K
}
Event: 525.832 GC heap before
{Heap before GC invocations=200 (full 3):
 PSYoungGen      total 13824K, used 13440K [0x00000000d5580000, 0x00000000d6400000, 0x0000000100000000)
  eden space 13312K, 100% used [0x00000000d5580000,0x00000000d6280000,0x00000000d6280000)
  from space 512K, 25% used [0x00000000d6380000,0x00000000d63a0000,0x00000000d6400000)
  to   space 512K, 0% used [0x00000000d6300000,0x00000000d6300000,0x00000000d6380000)
 ParOldGen       total 87040K, used 86834K [0x0000000080000000, 0x0000000085500000, 0x00000000d5580000)
  object space 87040K, 99% used [0x0000000080000000,0x00000000854cc958,0x0000000085500000)
 Metaspace       used 81198K, committed 82944K, reserved 1179648K
  class space    used 10399K, committed 11200K, reserved 1048576K
}
Event: 525.833 GC heap after
{Heap after GC invocations=200 (full 3):
 PSYoungGen      total 13824K, used 128K [0x00000000d5580000, 0x00000000d6400000, 0x0000000100000000)
  eden space 13312K, 0% used [0x00000000d5580000,0x00000000d5580000,0x00000000d6280000)
  from space 512K, 25% used [0x00000000d6300000,0x00000000d6320000,0x00000000d6380000)
  to   space 512K, 0% used [0x00000000d6380000,0x00000000d6380000,0x00000000d6400000)
 ParOldGen       total 87040K, used 86850K [0x0000000080000000, 0x0000000085500000, 0x00000000d5580000)
  object space 87040K, 99% used [0x0000000080000000,0x00000000854d0958,0x0000000085500000)
 Metaspace       used 81198K, committed 82944K, reserved 1179648K
  class space    used 10399K, committed 11200K, reserved 1048576K
}
Event: 526.040 GC heap before
{Heap before GC invocations=201 (full 3):
 PSYoungGen      total 13824K, used 13440K [0x00000000d5580000, 0x00000000d6400000, 0x0000000100000000)
  eden space 13312K, 100% used [0x00000000d5580000,0x00000000d6280000,0x00000000d6280000)
  from space 512K, 25% used [0x00000000d6300000,0x00000000d6320000,0x00000000d6380000)
  to   space 512K, 0% used [0x00000000d6380000,0x00000000d6380000,0x00000000d6400000)
 ParOldGen       total 87040K, used 86850K [0x0000000080000000, 0x0000000085500000, 0x00000000d5580000)
  object space 87040K, 99% used [0x0000000080000000,0x00000000854d0958,0x0000000085500000)
 Metaspace       used 81198K, committed 82944K, reserved 1179648K
  class space    used 10399K, committed 11200K, reserved 1048576K
}
Event: 526.041 GC heap after
{Heap after GC invocations=201 (full 3):
 PSYoungGen      total 13824K, used 160K [0x00000000d5580000, 0x00000000d6400000, 0x0000000100000000)
  eden space 13312K, 0% used [0x00000000d5580000,0x00000000d5580000,0x00000000d6280000)
  from space 512K, 31% used [0x00000000d6380000,0x00000000d63a8000,0x00000000d6400000)
  to   space 512K, 0% used [0x00000000d6300000,0x00000000d6300000,0x00000000d6380000)
 ParOldGen       total 87040K, used 86882K [0x0000000080000000, 0x0000000085500000, 0x00000000d5580000)
  object space 87040K, 99% used [0x0000000080000000,0x00000000854d8958,0x0000000085500000)
 Metaspace       used 81198K, committed 82944K, reserved 1179648K
  class space    used 10399K, committed 11200K, reserved 1048576K
}
Event: 526.238 GC heap before
{Heap before GC invocations=202 (full 3):
 PSYoungGen      total 13824K, used 13472K [0x00000000d5580000, 0x00000000d6400000, 0x0000000100000000)
  eden space 13312K, 100% used [0x00000000d5580000,0x00000000d6280000,0x00000000d6280000)
  from space 512K, 31% used [0x00000000d6380000,0x00000000d63a8000,0x00000000d6400000)
  to   space 512K, 0% used [0x00000000d6300000,0x00000000d6300000,0x00000000d6380000)
 ParOldGen       total 87040K, used 86882K [0x0000000080000000, 0x0000000085500000, 0x00000000d5580000)
  object space 87040K, 99% used [0x0000000080000000,0x00000000854d8958,0x0000000085500000)
 Metaspace       used 81198K, committed 82944K, reserved 1179648K
  class space    used 10399K, committed 11200K, reserved 1048576K
}
Event: 526.239 GC heap after
{Heap after GC invocations=202 (full 3):
 PSYoungGen      total 13824K, used 128K [0x00000000d5580000, 0x00000000d6400000, 0x0000000100000000)
  eden space 13312K, 0% used [0x00000000d5580000,0x00000000d5580000,0x00000000d6280000)
  from space 512K, 25% used [0x00000000d6300000,0x00000000d6320000,0x00000000d6380000)
  to   space 512K, 0% used [0x00000000d6380000,0x00000000d6380000,0x00000000d6400000)
 ParOldGen       total 87040K, used 86946K [0x0000000080000000, 0x0000000085500000, 0x00000000d5580000)
  object space 87040K, 99% used [0x0000000080000000,0x00000000854e8958,0x0000000085500000)
 Metaspace       used 81198K, committed 82944K, reserved 1179648K
  class space    used 10399K, committed 11200K, reserved 1048576K
}
Event: 526.365 GC heap before
{Heap before GC invocations=203 (full 3):
 PSYoungGen      total 13824K, used 13440K [0x00000000d5580000, 0x00000000d6400000, 0x0000000100000000)
  eden space 13312K, 100% used [0x00000000d5580000,0x00000000d6280000,0x00000000d6280000)
  from space 512K, 25% used [0x00000000d6300000,0x00000000d6320000,0x00000000d6380000)
  to   space 512K, 0% used [0x00000000d6380000,0x00000000d6380000,0x00000000d6400000)
 ParOldGen       total 87040K, used 86946K [0x0000000080000000, 0x0000000085500000, 0x00000000d5580000)
  object space 87040K, 99% used [0x0000000080000000,0x00000000854e8958,0x0000000085500000)
 Metaspace       used 81198K, committed 82944K, reserved 1179648K
  class space    used 10399K, committed 11200K, reserved 1048576K
}
Event: 526.366 GC heap after
{Heap after GC invocations=203 (full 3):
 PSYoungGen      total 13824K, used 256K [0x00000000d5580000, 0x00000000d6400000, 0x0000000100000000)
  eden space 13312K, 0% used [0x00000000d5580000,0x00000000d5580000,0x00000000d6280000)
  from space 512K, 50% used [0x00000000d6380000,0x00000000d63c0000,0x00000000d6400000)
  to   space 512K, 0% used [0x00000000d6300000,0x00000000d6300000,0x00000000d6380000)
 ParOldGen       total 87040K, used 87010K [0x0000000080000000, 0x0000000085500000, 0x00000000d5580000)
  object space 87040K, 99% used [0x0000000080000000,0x00000000854f8958,0x0000000085500000)
 Metaspace       used 81198K, committed 82944K, reserved 1179648K
  class space    used 10399K, committed 11200K, reserved 1048576K
}
Event: 526.448 GC heap before
{Heap before GC invocations=204 (full 3):
 PSYoungGen      total 13824K, used 13568K [0x00000000d5580000, 0x00000000d6400000, 0x0000000100000000)
  eden space 13312K, 100% used [0x00000000d5580000,0x00000000d6280000,0x00000000d6280000)
  from space 512K, 50% used [0x00000000d6380000,0x00000000d63c0000,0x00000000d6400000)
  to   space 512K, 0% used [0x00000000d6300000,0x00000000d6300000,0x00000000d6380000)
 ParOldGen       total 87040K, used 87010K [0x0000000080000000, 0x0000000085500000, 0x00000000d5580000)
  object space 87040K, 99% used [0x0000000080000000,0x00000000854f8958,0x0000000085500000)
 Metaspace       used 81198K, committed 82944K, reserved 1179648K
  class space    used 10399K, committed 11200K, reserved 1048576K
}
Event: 526.452 GC heap after
{Heap after GC invocations=204 (full 3):
 PSYoungGen      total 13824K, used 512K [0x00000000d5580000, 0x00000000d6580000, 0x0000000100000000)
  eden space 13312K, 0% used [0x00000000d5580000,0x00000000d5580000,0x00000000d6280000)
  from space 512K, 100% used [0x00000000d6300000,0x00000000d6380000,0x00000000d6380000)
  to   space 1536K, 0% used [0x00000000d6400000,0x00000000d6400000,0x00000000d6580000)
 ParOldGen       total 87552K, used 87482K [0x0000000080000000, 0x0000000085580000, 0x00000000d5580000)
  object space 87552K, 99% used [0x0000000080000000,0x000000008556e958,0x0000000085580000)
 Metaspace       used 81198K, committed 82944K, reserved 1179648K
  class space    used 10399K, committed 11200K, reserved 1048576K
}

Dll operation events (16 events):
Event: 0.044 Loaded shared library c:\Users\WINDOWS 11\.vscode\extensions\redhat.java-1.53.0-win32-x64\jre\21.0.10-win32-x86_64\bin\java.dll
Event: 0.483 Loaded shared library c:\Users\WINDOWS 11\.vscode\extensions\redhat.java-1.53.0-win32-x64\jre\21.0.10-win32-x86_64\bin\zip.dll
Event: 0.662 Loaded shared library C:\Users\WINDOWS 11\.vscode\extensions\redhat.java-1.53.0-win32-x64\jre\21.0.10-win32-x86_64\bin\instrument.dll
Event: 0.731 Loaded shared library C:\Users\WINDOWS 11\.vscode\extensions\redhat.java-1.53.0-win32-x64\jre\21.0.10-win32-x86_64\bin\net.dll
Event: 0.739 Loaded shared library C:\Users\WINDOWS 11\.vscode\extensions\redhat.java-1.53.0-win32-x64\jre\21.0.10-win32-x86_64\bin\nio.dll
Event: 0.750 Loaded shared library C:\Users\WINDOWS 11\.vscode\extensions\redhat.java-1.53.0-win32-x64\jre\21.0.10-win32-x86_64\bin\zip.dll
Event: 0.831 Loaded shared library C:\Users\WINDOWS 11\.vscode\extensions\redhat.java-1.53.0-win32-x64\jre\21.0.10-win32-x86_64\bin\jimage.dll
Event: 1.140 Loaded shared library c:\Users\WINDOWS 11\.vscode\extensions\redhat.java-1.53.0-win32-x64\jre\21.0.10-win32-x86_64\bin\verify.dll
Event: 5.577 Loaded shared library C:\Users\WINDOWS 11\AppData\Roaming\Code\User\globalStorage\redhat.java\1.53.0\config_win\org.eclipse.equinox.launcher\org.eclipse.equinox.launcher.win32.win32.x86_64_1.3.0.v20260203-2149\eclipse_11919.dll
Event: 11.292 Loaded shared library C:\Users\WINDOWS 11\AppData\Local\Temp\jna--1946447619\jna13852801811004819714.dll
Event: 18.355 Loaded shared library C:\Users\WINDOWS 11\.vscode\extensions\redhat.java-1.53.0-win32-x64\jre\21.0.10-win32-x86_64\bin\management.dll
Event: 18.360 Loaded shared library C:\Users\WINDOWS 11\.vscode\extensions\redhat.java-1.53.0-win32-x64\jre\21.0.10-win32-x86_64\bin\management_ext.dll
Event: 22.573 Loaded shared library C:\Users\WINDOWS 11\.gradle\native\1def1411415f61bf3af743bc5b6707747c0891f09f0c88961ee8f79bc544acac\windows-amd64\native-platform.dll
Event: 33.690 Loaded shared library C:\Users\WINDOWS 11\.gradle\native\c067742578af261105cb4f569cf0c3c89f3d7b1fecec35dd04571415982c5e48\windows-amd64\native-platform.dll
Event: 43.117 Loaded shared library C:\Users\WINDOWS 11\.vscode\extensions\redhat.java-1.53.0-win32-x64\jre\21.0.10-win32-x86_64\bin\extnet.dll
Event: 43.613 Loaded shared library C:\Users\WINDOWS 11\.vscode\extensions\redhat.java-1.53.0-win32-x64\jre\21.0.10-win32-x86_64\bin\sunmscapi.dll

Deoptimization events (20 events):
Event: 526.979 Thread 0x0000021dee250140 Uncommon trap: trap_request=0xffffff45 fr.pc=0x0000021d9bbfac54 relative=0x0000000000000774
Event: 526.979 Thread 0x0000021dee250140 Uncommon trap: reason=unstable_if action=reinterpret pc=0x0000021d9bbfac54 method=org.eclipse.core.internal.dtree.DataTreeNode.asReverseComparisonNode(Lorg/eclipse/core/internal/dtree/IComparator;)Lorg/eclipse/core/internal/dtree/AbstractDataTreeNode; @ 9
Event: 526.979 Thread 0x0000021dee250140 DEOPT PACKING pc=0x0000021d9bbfac54 sp=0x00000096ffffe320
Event: 526.979 Thread 0x0000021dee250140 DEOPT UNPACKING pc=0x0000021d9af23aa2 sp=0x00000096ffffe2e8 mode 2
Event: 618.212 Thread 0x0000021dee250140 Uncommon trap: trap_request=0xffffff45 fr.pc=0x0000021d9b945734 relative=0x0000000000000774
Event: 618.213 Thread 0x0000021dee250140 Uncommon trap: reason=unstable_if action=reinterpret pc=0x0000021d9b945734 method=org.eclipse.core.internal.resources.SaveManager.lambda$11(Lorg/eclipse/core/internal/resources/MarkerManager;Ljava/io/DataOutputStream;[JLjava/io/DataOutputStream;Lorg/eclip
Event: 618.213 Thread 0x0000021dee250140 DEOPT PACKING pc=0x0000021d9b945734 sp=0x00000096ffffecb0
Event: 618.213 Thread 0x0000021dee250140 DEOPT UNPACKING pc=0x0000021d9af23aa2 sp=0x00000096ffffec00 mode 2
Event: 618.218 Thread 0x0000021dee250140 Uncommon trap: trap_request=0xffffffde fr.pc=0x0000021d9b943674 relative=0x0000000000000394
Event: 618.218 Thread 0x0000021dee250140 Uncommon trap: reason=class_check action=maybe_recompile pc=0x0000021d9b943674 method=org.eclipse.core.internal.resources.SaveManager.lambda$11(Lorg/eclipse/core/internal/resources/MarkerManager;Ljava/io/DataOutputStream;[JLjava/io/DataOutputStream;Lorg/e
Event: 618.218 Thread 0x0000021dee250140 DEOPT PACKING pc=0x0000021d9b943674 sp=0x00000096ffffeac0
Event: 618.218 Thread 0x0000021dee250140 DEOPT UNPACKING pc=0x0000021d9af23aa2 sp=0x00000096ffffea78 mode 2
Event: 618.291 Thread 0x0000021dee250140 Uncommon trap: trap_request=0xffffff45 fr.pc=0x0000021d9bc13ee8 relative=0x00000000000003a8
Event: 618.291 Thread 0x0000021dee250140 Uncommon trap: reason=unstable_if action=reinterpret pc=0x0000021d9bc13ee8 method=java.io.BufferedOutputStream.implWrite([BII)V @ 5 c2
Event: 618.291 Thread 0x0000021dee250140 DEOPT PACKING pc=0x0000021d9bc13ee8 sp=0x00000096ffffe7f0
Event: 618.291 Thread 0x0000021dee250140 DEOPT UNPACKING pc=0x0000021d9af23aa2 sp=0x00000096ffffe6a8 mode 2
Event: 618.487 Thread 0x0000021dee250140 Uncommon trap: trap_request=0xffffff45 fr.pc=0x0000021d9bc0ec64 relative=0x0000000000001ae4
Event: 618.487 Thread 0x0000021dee250140 Uncommon trap: reason=unstable_if action=reinterpret pc=0x0000021d9bc0ec64 method=org.eclipse.core.internal.events.ResourceDeltaFactory.createDelta(Lorg/eclipse/core/internal/resources/Workspace;Lorg/eclipse/core/internal/dtree/DeltaDataTree;Lorg/eclipse/
Event: 618.487 Thread 0x0000021dee250140 DEOPT PACKING pc=0x0000021d9bc0ec64 sp=0x00000096ffffea80
Event: 618.487 Thread 0x0000021dee250140 DEOPT UNPACKING pc=0x0000021d9af23aa2 sp=0x00000096ffffea90 mode 2

Classes loaded (20 events):
Event: 324.122 Loading class java/util/PrimitiveIterator$OfInt
Event: 324.122 Loading class java/util/PrimitiveIterator$OfInt done
Event: 324.126 Loading class java/util/stream/DoubleStream
Event: 324.127 Loading class java/util/stream/DoubleStream done
Event: 324.414 Loading class java/util/concurrent/atomic/AtomicIntegerFieldUpdater
Event: 324.415 Loading class java/util/concurrent/atomic/AtomicIntegerFieldUpdater done
Event: 324.487 Loading class java/util/concurrent/LinkedBlockingDeque
Event: 324.495 Loading class java/util/concurrent/BlockingDeque
Event: 324.497 Loading class java/util/concurrent/BlockingDeque done
Event: 324.497 Loading class java/util/concurrent/LinkedBlockingDeque done
Event: 324.497 Loading class java/util/concurrent/PriorityBlockingQueue
Event: 324.501 Loading class java/util/concurrent/PriorityBlockingQueue done
Event: 330.507 Loading class java/io/CharArrayWriter
Event: 330.507 Loading class java/io/CharArrayWriter done
Event: 330.596 Loading class java/util/concurrent/Executors$DelegatedScheduledExecutorService
Event: 330.596 Loading class java/util/concurrent/Executors$DelegatedScheduledExecutorService done
Event: 365.704 Loading class java/time/Ser
Event: 365.705 Loading class java/time/Ser done
Event: 522.702 Loading class sun/misc/SharedSecrets
Event: 522.703 Loading class sun/misc/SharedSecrets done

Classes unloaded (7 events):
Event: 13.066 Thread 0x0000021da71afe90 Unloading class 0x0000021da91a4c00 'java/lang/invoke/LambdaForm$MH+0x0000021da91a4c00'
Event: 13.066 Thread 0x0000021da71afe90 Unloading class 0x0000021da91a4800 'java/lang/invoke/LambdaForm$MH+0x0000021da91a4800'
Event: 13.066 Thread 0x0000021da71afe90 Unloading class 0x0000021da91a4400 'java/lang/invoke/LambdaForm$MH+0x0000021da91a4400'
Event: 13.066 Thread 0x0000021da71afe90 Unloading class 0x0000021da91a4000 'java/lang/invoke/LambdaForm$MH+0x0000021da91a4000'
Event: 13.066 Thread 0x0000021da71afe90 Unloading class 0x0000021da91a3c00 'java/lang/invoke/LambdaForm$BMH+0x0000021da91a3c00'
Event: 13.066 Thread 0x0000021da71afe90 Unloading class 0x0000021da91a3800 'java/lang/invoke/LambdaForm$DMH+0x0000021da91a3800'
Event: 13.066 Thread 0x0000021da71afe90 Unloading class 0x0000021da91a2400 'java/lang/invoke/LambdaForm$DMH+0x0000021da91a2400'

Classes redefined (0 events):
No events

Internal exceptions (20 events):
Event: 366.853 Thread 0x0000021df1a200f0 Exception <a 'java/lang/NoSuchMethodError'{0x00000000d5604778}: static Lorg/gradle/internal/build/event/types/DefaultTaskFinishedProgressEvent;.<clinit>()V> (0x00000000d5604778) 
thrown [s\src\hotspot\share\prims\jni.cpp, line 1111]
Event: 366.858 Thread 0x0000021df1a200f0 Exception <a 'java/lang/NoSuchMethodError'{0x00000000d561d850}: static Lorg/gradle/internal/build/event/types/AbstractTaskResult;.<clinit>()V> (0x00000000d561d850) 
thrown [s\src\hotspot\share\prims\jni.cpp, line 1111]
Event: 366.859 Thread 0x0000021df1a200f0 Exception <a 'java/lang/NoSuchMethodError'{0x00000000d562c830}: static Lorg/gradle/internal/build/event/types/DefaultTaskSkippedResult;.<clinit>()V> (0x00000000d562c830) 
thrown [s\src\hotspot\share\prims\jni.cpp, line 1111]
Event: 370.207 Thread 0x0000021df1a200f0 Exception <a 'java/lang/NoSuchMethodError'{0x00000000d5a998e8}: static Lorg/gradle/internal/build/event/types/DefaultWorkItemDescriptor;.<clinit>()V> (0x00000000d5a998e8) 
thrown [s\src\hotspot\share\prims\jni.cpp, line 1111]
Event: 370.237 Thread 0x0000021df1a200f0 Exception <a 'java/lang/NoSuchMethodError'{0x00000000d5abc1b0}: static Lorg/gradle/internal/build/event/types/DefaultTaskSuccessResult;.<clinit>()V> (0x00000000d5abc1b0) 
thrown [s\src\hotspot\share\prims\jni.cpp, line 1111]
Event: 510.334 Thread 0x0000021df1a200f0 Exception <a 'java/lang/NoSuchMethodError'{0x00000000d581bf50}: static Lorg/gradle/tooling/internal/provider/PhasedBuildActionResult;.<clinit>()V> (0x00000000d581bf50) 
thrown [s\src\hotspot\share\prims\jni.cpp, line 1111]
Event: 510.366 Thread 0x0000021df1a200f0 Exception <a 'java/lang/NoSuchMethodError'{0x00000000d582afb0}: static Lorg/gradle/tooling/internal/provider/serialization/SerializedPayload;.<clinit>()V> (0x00000000d582afb0) 
thrown [s\src\hotspot\share\prims\jni.cpp, line 1111]
Event: 520.358 Thread 0x0000021df1a200f0 Exception <a 'java/lang/NoSuchMethodError'{0x00000000d56d3fc0}: static Lorg/gradle/internal/build/event/types/DefaultFailureResult;.<clinit>()V> (0x00000000d56d3fc0) 
thrown [s\src\hotspot\share\prims\jni.cpp, line 1111]
Event: 520.524 Thread 0x0000021df1a200f0 Exception <a 'java/lang/NoSuchMethodError'{0x00000000d570ee80}: static Lorg/gradle/internal/build/event/types/DefaultFailure;.<clinit>()V> (0x00000000d570ee80) 
thrown [s\src\hotspot\share\prims\jni.cpp, line 1111]
Event: 521.329 Thread 0x0000021df1a200f0 Exception <a 'java/lang/NoSuchMethodError'{0x00000000d5757948}: static Lorg/gradle/internal/build/event/types/DefaultRootOperationDescriptor;.<clinit>()V> (0x00000000d5757948) 
thrown [s\src\hotspot\share\prims\jni.cpp, line 1111]
Event: 521.600 Thread 0x0000021df1a200f0 Implicit null exception at 0x0000021d9b901b95 to 0x0000021d9b9027dc
Event: 521.689 Thread 0x0000021df1a200f0 Exception <a 'java/lang/NoSuchMethodError'{0x00000000d581f4e0}: static [B.<clinit>()V> (0x00000000d581f4e0) 
thrown [s\src\hotspot\share\prims\jni.cpp, line 1111]
Event: 521.769 Thread 0x0000021df1a200f0 Exception <a 'java/lang/NoSuchMethodError'{0x00000000d58a2cc8}: static [Ljava/lang/StackTraceElement;.<clinit>()V> (0x00000000d58a2cc8) 
thrown [s\src\hotspot\share\prims\jni.cpp, line 1111]
Event: 521.866 Thread 0x0000021df1a200f0 Exception <a 'java/lang/NoSuchMethodError'{0x00000000d5955e78}: static Lorg/gradle/tooling/internal/protocol/InternalBuildActionFailureException;.<clinit>()V> (0x00000000d5955e78) 
thrown [s\src\hotspot\share\prims\jni.cpp, line 1111]
Event: 522.703 Thread 0x0000021def6f4270 Exception <a 'java/lang/ClassNotFoundException'{0x00000000d5a5b0c8}: sun/misc/SharedSecrets> (0x00000000d5a5b0c8) 
thrown [s\src\hotspot\share\classfile\systemDictionary.cpp, line 312]
Event: 522.793 Thread 0x0000021def6f4270 Exception <a 'java/lang/NoSuchMethodError'{0x00000000d5b3dab8}: 'void java.lang.invoke.DirectMethodHandle$Holder.invokeStatic(java.lang.Object, int, java.lang.Object)'> (0x00000000d5b3dab8) 
thrown [s\src\hotspot\share\interpreter\linkResolver.cpp, line 773]
Event: 522.878 Thread 0x0000021def6f4270 Exception <a 'java/lang/NoSuchMethodError'{0x00000000d5bc7eb0}: 'void java.lang.invoke.DirectMethodHandle$Holder.invokeSpecialIFC(java.lang.Object, java.lang.Object, java.lang.Object, java.lang.Object)'> (0x00000000d5bc7eb0) 
thrown [s\src\hotspot\share\interpreter\linkResolver.cpp, line 773]
Event: 524.524 Thread 0x0000021dee250140 Implicit null exception at 0x0000021d9bac4c7f to 0x0000021d9bac4fe8
Event: 618.030 Thread 0x0000021dee250140 Exception <a 'sun/nio/fs/WindowsException'{0x00000000d5d4e170}> (0x00000000d5d4e170) 
thrown [s\src\hotspot\share\prims\jni.cpp, line 520]
Event: 618.032 Thread 0x0000021dee250140 Exception <a 'sun/nio/fs/WindowsException'{0x00000000d5d4ea50}> (0x00000000d5d4ea50) 
thrown [s\src\hotspot\share\prims\jni.cpp, line 520]

ZGC Phase Switch (0 events):
No events

VM Operations (20 events):
Event: 1262.540 Executing non-safepoint VM operation: HandshakeAllThreads (HandshakeForDeflation)
Event: 1262.541 Executing non-safepoint VM operation: HandshakeAllThreads (HandshakeForDeflation) done
Event: 1262.541 Executing non-safepoint VM operation: RendezvousGCThreads
Event: 1262.541 Executing non-safepoint VM operation: RendezvousGCThreads done
Event: 1322.776 Executing non-safepoint VM operation: HandshakeAllThreads (HandshakeForDeflation)
Event: 1322.776 Executing non-safepoint VM operation: HandshakeAllThreads (HandshakeForDeflation) done
Event: 1322.777 Executing non-safepoint VM operation: RendezvousGCThreads
Event: 1322.777 Executing non-safepoint VM operation: RendezvousGCThreads done
Event: 1743.694 Executing non-safepoint VM operation: HandshakeAllThreads (HandshakeForDeflation)
Event: 1743.699 Executing non-safepoint VM operation: HandshakeAllThreads (HandshakeForDeflation) done
Event: 1743.700 Executing non-safepoint VM operation: RendezvousGCThreads
Event: 1743.700 Executing non-safepoint VM operation: RendezvousGCThreads done
Event: 1803.817 Executing non-safepoint VM operation: HandshakeAllThreads (HandshakeForDeflation)
Event: 1803.818 Executing non-safepoint VM operation: HandshakeAllThreads (HandshakeForDeflation) done
Event: 1803.818 Executing non-safepoint VM operation: RendezvousGCThreads
Event: 1803.819 Executing non-safepoint VM operation: RendezvousGCThreads done
Event: 2164.397 Executing non-safepoint VM operation: HandshakeAllThreads (HandshakeForDeflation)
Event: 2164.403 Executing non-safepoint VM operation: HandshakeAllThreads (HandshakeForDeflation) done
Event: 2164.403 Executing non-safepoint VM operation: RendezvousGCThreads
Event: 2164.403 Executing non-safepoint VM operation: RendezvousGCThreads done

Memory protections (0 events):
No events

Nmethod flushes (20 events):
Event: 39.800 Thread 0x0000021da71afe90 flushing  nmethod 0x0000021d943c7110
Event: 39.800 Thread 0x0000021da71afe90 flushing  nmethod 0x0000021d943c8f10
Event: 39.800 Thread 0x0000021da71afe90 flushing  nmethod 0x0000021d943c9c90
Event: 39.800 Thread 0x0000021da71afe90 flushing  nmethod 0x0000021d943db790
Event: 39.800 Thread 0x0000021da71afe90 flushing  nmethod 0x0000021d943e5d10
Event: 39.800 Thread 0x0000021da71afe90 flushing  nmethod 0x0000021d943e6090
Event: 39.800 Thread 0x0000021da71afe90 flushing  nmethod 0x0000021d943faa10
Event: 39.800 Thread 0x0000021da71afe90 flushing  nmethod 0x0000021d943fae90
Event: 39.800 Thread 0x0000021da71afe90 flushing  nmethod 0x0000021d943fb410
Event: 39.800 Thread 0x0000021da71afe90 flushing  nmethod 0x0000021d943fb910
Event: 39.800 Thread 0x0000021da71afe90 flushing  nmethod 0x0000021d943fbc90
Event: 39.800 Thread 0x0000021da71afe90 flushing  nmethod 0x0000021d943fc290
Event: 39.800 Thread 0x0000021da71afe90 flushing  nmethod 0x0000021d943fcb10
Event: 39.800 Thread 0x0000021da71afe90 flushing  nmethod 0x0000021d943fd010
Event: 39.800 Thread 0x0000021da71afe90 flushing  nmethod 0x0000021d943fd810
Event: 39.800 Thread 0x0000021da71afe90 flushing  nmethod 0x0000021d94427290
Event: 39.800 Thread 0x0000021da71afe90 flushing  nmethod 0x0000021d9443e410
Event: 39.800 Thread 0x0000021da71afe90 flushing  nmethod 0x0000021d94443590
Event: 39.800 Thread 0x0000021da71afe90 flushing  nmethod 0x0000021d94443a90
Event: 39.800 Thread 0x0000021da71afe90 flushing  nmethod 0x0000021d94444010

Events (20 events):
Event: 524.085 Thread 0x0000021da71bae20 Thread added: 0x0000021df5825010
Event: 524.813 Thread 0x0000021df5825010 Thread exited: 0x0000021df5825010
Event: 526.473 Thread 0x0000021da722b930 Thread added: 0x0000021df4299960
Event: 526.563 Thread 0x0000021dee24f420 Thread exited: 0x0000021dee24f420
Event: 532.029 Thread 0x0000021df4299960 Thread exited: 0x0000021df4299960
Event: 586.734 Thread 0x0000021def6f76f0 Thread exited: 0x0000021def6f76f0
Event: 617.981 Thread 0x0000021dee250140 Thread added: 0x0000021df1a269f0
Event: 617.990 Thread 0x0000021df1a269f0 Thread exited: 0x0000021df1a269f0
Event: 618.044 Thread 0x0000021dee250140 Thread added: 0x0000021df1a23c00
Event: 618.046 Thread 0x0000021df1a23c00 Thread added: 0x0000021df1a214a0
Event: 618.047 Thread 0x0000021df1a23c00 Thread added: 0x0000021df1a26360
Event: 618.049 Thread 0x0000021df1a26360 Thread exited: 0x0000021df1a26360
Event: 618.049 Thread 0x0000021df1a23c00 Thread exited: 0x0000021df1a23c00
Event: 618.049 Thread 0x0000021df1a214a0 Thread exited: 0x0000021df1a214a0
Event: 618.210 Thread 0x0000021da71bae20 Thread added: 0x0000021df0fcf3b0
Event: 618.603 Thread 0x0000021def6f4270 Thread added: 0x0000021df1a200f0
Event: 618.615 Thread 0x0000021df0fcf3b0 Thread exited: 0x0000021df0fcf3b0
Event: 678.615 Thread 0x0000021df1a200f0 Thread exited: 0x0000021df1a200f0
Event: 1222.001 Thread 0x0000021da71bae20 Thread added: 0x0000021df0fcf3b0
Event: 1227.444 Thread 0x0000021df0fcf3b0 Thread exited: 0x0000021df0fcf3b0


Dynamic libraries:
0x00007ff7fe370000 - 0x00007ff7fe37e000 	c:\Users\WINDOWS 11\.vscode\extensions\redhat.java-1.53.0-win32-x64\jre\21.0.10-win32-x86_64\bin\java.exe
0x00007ffd78fd0000 - 0x00007ffd791e8000 	C:\WINDOWS\SYSTEM32\ntdll.dll
0x00007ffd77fd0000 - 0x00007ffd78094000 	C:\WINDOWS\System32\KERNEL32.DLL
0x00007ffd76230000 - 0x00007ffd76603000 	C:\WINDOWS\System32\KERNELBASE.dll
0x00007ffd760e0000 - 0x00007ffd761f1000 	C:\WINDOWS\System32\ucrtbase.dll
0x00007ffd62710000 - 0x00007ffd62728000 	c:\Users\WINDOWS 11\.vscode\extensions\redhat.java-1.53.0-win32-x64\jre\21.0.10-win32-x86_64\bin\jli.dll
0x00007ffd78dd0000 - 0x00007ffd78f82000 	C:\WINDOWS\System32\USER32.dll
0x00007ffd76800000 - 0x00007ffd76826000 	C:\WINDOWS\System32\win32u.dll
0x00007ffd77260000 - 0x00007ffd77289000 	C:\WINDOWS\System32\GDI32.dll
0x00007ffd76b50000 - 0x00007ffd76c6b000 	C:\WINDOWS\System32\gdi32full.dll
0x00007ffd76ab0000 - 0x00007ffd76b4a000 	C:\WINDOWS\System32\msvcp_win.dll
0x00007ffd5cb10000 - 0x00007ffd5cb2e000 	c:\Users\WINDOWS 11\.vscode\extensions\redhat.java-1.53.0-win32-x64\jre\21.0.10-win32-x86_64\bin\VCRUNTIME140.dll
0x00007ffd65280000 - 0x00007ffd6551c000 	C:\WINDOWS\WinSxS\amd64_microsoft.windows.common-controls_6595b64144ccf1df_6.0.22621.6060_none_2712eda17382d24b\COMCTL32.dll
0x00007ffd77190000 - 0x00007ffd77237000 	C:\WINDOWS\System32\msvcrt.dll
0x00007ffd770d0000 - 0x00007ffd77101000 	C:\WINDOWS\System32\IMM32.DLL
0x0000000070d30000 - 0x0000000070d3d000 	C:\Program Files (x86)\360\Total Security\safemon\SafeWrapper.dll
0x00007ffd78200000 - 0x00007ffd782b1000 	C:\WINDOWS\System32\ADVAPI32.dll
0x00007ffd788b0000 - 0x00007ffd78958000 	C:\WINDOWS\System32\sechost.dll
0x00007ffd76200000 - 0x00007ffd76228000 	C:\WINDOWS\System32\bcrypt.dll
0x00007ffd789e0000 - 0x00007ffd78af8000 	C:\WINDOWS\System32\RPCRT4.dll
0x00007ffd6f370000 - 0x00007ffd6f475000 	C:\Program Files (x86)\360\Total Security\safemon\libzdtp64.dll
0x00007ffd772b0000 - 0x00007ffd77b4c000 	C:\WINDOWS\System32\SHELL32.dll
0x00007ffd768f0000 - 0x00007ffd76a2f000 	C:\WINDOWS\System32\wintypes.dll
0x00007ffd76c70000 - 0x00007ffd77001000 	C:\WINDOWS\System32\combase.dll
0x00007ffd78700000 - 0x00007ffd78769000 	C:\WINDOWS\System32\SHLWAPI.dll
0x00007ffd75c50000 - 0x00007ffd75c5a000 	C:\WINDOWS\SYSTEM32\VERSION.dll
0x00007ffd72fd0000 - 0x00007ffd72fdc000 	c:\Users\WINDOWS 11\.vscode\extensions\redhat.java-1.53.0-win32-x64\jre\21.0.10-win32-x86_64\bin\vcruntime140_1.dll
0x00007ffce6960000 - 0x00007ffce69ed000 	c:\Users\WINDOWS 11\.vscode\extensions\redhat.java-1.53.0-win32-x64\jre\21.0.10-win32-x86_64\bin\msvcp140.dll
0x00007ffc900a0000 - 0x00007ffc90e41000 	c:\Users\WINDOWS 11\.vscode\extensions\redhat.java-1.53.0-win32-x64\jre\21.0.10-win32-x86_64\bin\server\jvm.dll
0x00007ffd77110000 - 0x00007ffd77181000 	C:\WINDOWS\System32\WS2_32.dll
0x00007ffd75fb0000 - 0x00007ffd75ffd000 	C:\WINDOWS\SYSTEM32\POWRPROF.dll
0x00007ffd6bf80000 - 0x00007ffd6bfb4000 	C:\WINDOWS\SYSTEM32\WINMM.dll
0x00007ffd75f90000 - 0x00007ffd75fa3000 	C:\WINDOWS\SYSTEM32\UMPDC.dll
0x00007ffd75020000 - 0x00007ffd75038000 	C:\WINDOWS\SYSTEM32\kernel.appcore.dll
0x00007ffd71e70000 - 0x00007ffd71e7a000 	c:\Users\WINDOWS 11\.vscode\extensions\redhat.java-1.53.0-win32-x64\jre\21.0.10-win32-x86_64\bin\jimage.dll
0x00007ffd73ad0000 - 0x00007ffd73d03000 	C:\WINDOWS\SYSTEM32\DBGHELP.DLL
0x00007ffd78470000 - 0x00007ffd78548000 	C:\WINDOWS\System32\OLEAUT32.dll
0x00007ffd62620000 - 0x00007ffd62652000 	C:\WINDOWS\SYSTEM32\dbgcore.DLL
0x00007ffd76610000 - 0x00007ffd7668b000 	C:\WINDOWS\System32\bcryptPrimitives.dll
0x00007ffd60740000 - 0x00007ffd6074f000 	c:\Users\WINDOWS 11\.vscode\extensions\redhat.java-1.53.0-win32-x64\jre\21.0.10-win32-x86_64\bin\instrument.dll
0x00007ffcfe950000 - 0x00007ffcfe970000 	c:\Users\WINDOWS 11\.vscode\extensions\redhat.java-1.53.0-win32-x64\jre\21.0.10-win32-x86_64\bin\java.dll
0x00007ffd73f20000 - 0x00007ffd7483a000 	C:\WINDOWS\SYSTEM32\windows.storage.dll
0x00007ffd78b00000 - 0x00007ffd78c04000 	C:\WINDOWS\System32\SHCORE.dll
0x00007ffd76010000 - 0x00007ffd76035000 	C:\WINDOWS\SYSTEM32\profapi.dll
0x00007ffcfe840000 - 0x00007ffcfe858000 	c:\Users\WINDOWS 11\.vscode\extensions\redhat.java-1.53.0-win32-x64\jre\21.0.10-win32-x86_64\bin\zip.dll
0x00007ffd6b2f0000 - 0x00007ffd6b300000 	C:\Users\WINDOWS 11\.vscode\extensions\redhat.java-1.53.0-win32-x64\jre\21.0.10-win32-x86_64\bin\net.dll
0x00007ffd6fbe0000 - 0x00007ffd6fd0c000 	C:\WINDOWS\SYSTEM32\WINHTTP.dll
0x00007ffd754e0000 - 0x00007ffd75549000 	C:\WINDOWS\system32\mswsock.dll
0x00007ffcf73e0000 - 0x00007ffcf73f6000 	C:\Users\WINDOWS 11\.vscode\extensions\redhat.java-1.53.0-win32-x64\jre\21.0.10-win32-x86_64\bin\nio.dll
0x00007ffd5dbc0000 - 0x00007ffd5dbd0000 	c:\Users\WINDOWS 11\.vscode\extensions\redhat.java-1.53.0-win32-x64\jre\21.0.10-win32-x86_64\bin\verify.dll
0x00007ffceb550000 - 0x00007ffceb595000 	C:\Users\WINDOWS 11\AppData\Roaming\Code\User\globalStorage\redhat.java\1.53.0\config_win\org.eclipse.equinox.launcher\org.eclipse.equinox.launcher.win32.win32.x86_64_1.3.0.v20260203-2149\eclipse_11919.dll
0x00007ffd782c0000 - 0x00007ffd78461000 	C:\WINDOWS\System32\ole32.dll
0x00007ffd75780000 - 0x00007ffd7579b000 	C:\WINDOWS\SYSTEM32\CRYPTSP.dll
0x00007ffd74f70000 - 0x00007ffd74fa7000 	C:\WINDOWS\system32\rsaenh.dll
0x00007ffd75600000 - 0x00007ffd75628000 	C:\WINDOWS\SYSTEM32\USERENV.dll
0x00007ffd757a0000 - 0x00007ffd757ac000 	C:\WINDOWS\SYSTEM32\CRYPTBASE.dll
0x00007ffd74ae0000 - 0x00007ffd74b0d000 	C:\WINDOWS\SYSTEM32\IPHLPAPI.DLL
0x00007ffd772a0000 - 0x00007ffd772a9000 	C:\WINDOWS\System32\NSI.dll
0x00007ffceb030000 - 0x00007ffceb079000 	C:\Users\WINDOWS 11\AppData\Local\Temp\jna--1946447619\jna13852801811004819714.dll
0x00007ffd77290000 - 0x00007ffd77298000 	C:\WINDOWS\System32\PSAPI.DLL
0x00007ffd6aed0000 - 0x00007ffd6aeda000 	C:\Users\WINDOWS 11\.vscode\extensions\redhat.java-1.53.0-win32-x64\jre\21.0.10-win32-x86_64\bin\management.dll
0x00007ffd69c30000 - 0x00007ffd69c3c000 	C:\Users\WINDOWS 11\.vscode\extensions\redhat.java-1.53.0-win32-x64\jre\21.0.10-win32-x86_64\bin\management_ext.dll
0x00007ffd6f7c0000 - 0x00007ffd6f7d9000 	C:\WINDOWS\SYSTEM32\dhcpcsvc6.DLL
0x00007ffd6f7a0000 - 0x00007ffd6f7bf000 	C:\WINDOWS\SYSTEM32\dhcpcsvc.DLL
0x00007ffce4b40000 - 0x00007ffce4b67000 	C:\Users\WINDOWS 11\.gradle\native\1def1411415f61bf3af743bc5b6707747c0891f09f0c88961ee8f79bc544acac\windows-amd64\native-platform.dll
0x00007ffd6b810000 - 0x00007ffd6b837000 	C:\Users\WINDOWS 11\.gradle\native\c067742578af261105cb4f569cf0c3c89f3d7b1fecec35dd04571415982c5e48\windows-amd64\native-platform.dll
0x00007ffd627a0000 - 0x00007ffd627a9000 	C:\Users\WINDOWS 11\.vscode\extensions\redhat.java-1.53.0-win32-x64\jre\21.0.10-win32-x86_64\bin\extnet.dll
0x00007ffd64d20000 - 0x00007ffd64d2e000 	C:\Users\WINDOWS 11\.vscode\extensions\redhat.java-1.53.0-win32-x64\jre\21.0.10-win32-x86_64\bin\sunmscapi.dll
0x00007ffd76690000 - 0x00007ffd767f8000 	C:\WINDOWS\System32\CRYPT32.dll
0x00007ffd75940000 - 0x00007ffd7596e000 	C:\WINDOWS\SYSTEM32\ncrypt.dll
0x00007ffd75900000 - 0x00007ffd75937000 	C:\WINDOWS\SYSTEM32\NTASN1.dll
0x00007ffd74b10000 - 0x00007ffd74c08000 	C:\WINDOWS\SYSTEM32\DNSAPI.dll
0x00007ffd715a0000 - 0x00007ffd715aa000 	C:\Windows\System32\rasadhlp.dll
0x00007ffd6d150000 - 0x00007ffd6d1d4000 	C:\WINDOWS\System32\fwpuclnt.dll
0x00007ffd628f0000 - 0x00007ffd628f8000 	C:\WINDOWS\system32\wshunix.dll

JVMTI agents:
c:\Users\WINDOWS 11\.vscode\extensions\redhat.java-1.53.0-win32-x64\lombok\lombok-1.18.39-4050.jar path:c:\Users\WINDOWS 11\.vscode\extensions\redhat.java-1.53.0-win32-x64\jre\21.0.10-win32-x86_64\bin\instrument.dll, loaded, initialized, instrumentlib options:none

dbghelp: loaded successfully - version: 4.0.5 - missing functions: none
symbol engine: initialized successfully - sym options: 0x614 - pdb path: .;c:\Users\WINDOWS 11\.vscode\extensions\redhat.java-1.53.0-win32-x64\jre\21.0.10-win32-x86_64\bin;C:\WINDOWS\SYSTEM32;C:\WINDOWS\WinSxS\amd64_microsoft.windows.common-controls_6595b64144ccf1df_6.0.22621.6060_none_2712eda17382d24b;C:\Program Files (x86)\360\Total Security\safemon;c:\Users\WINDOWS 11\.vscode\extensions\redhat.java-1.53.0-win32-x64\jre\21.0.10-win32-x86_64\bin\server;C:\Users\WINDOWS 11\AppData\Roaming\Code\User\globalStorage\redhat.java\1.53.0\config_win\org.eclipse.equinox.launcher\org.eclipse.equinox.launcher.win32.win32.x86_64_1.3.0.v20260203-2149;C:\Users\WINDOWS 11\AppData\Local\Temp\jna--1946447619;C:\Users\WINDOWS 11\.gradle\native\1def1411415f61bf3af743bc5b6707747c0891f09f0c88961ee8f79bc544acac\windows-amd64;C:\Users\WINDOWS 11\.gradle\native\c067742578af261105cb4f569cf0c3c89f3d7b1fecec35dd04571415982c5e48\windows-amd64

VM Arguments:
jvm_args: --add-modules=ALL-SYSTEM --add-opens=java.base/java.util=ALL-UNNAMED --add-opens=java.base/java.lang=ALL-UNNAMED --add-opens=java.base/sun.nio.fs=ALL-UNNAMED -Declipse.application=org.eclipse.jdt.ls.core.id1 -Dosgi.bundles.defaultStartLevel=4 -Declipse.product=org.eclipse.jdt.ls.core.product -Djava.import.generatesMetadataFilesAtProjectRoot=false -DDetectVMInstallationsJob.disabled=true -Dfile.encoding=utf8 -XX:+UseParallelGC -XX:GCTimeRatio=4 -XX:AdaptiveSizePolicyWeight=90 -Dsun.zip.disableMemoryMapping=true -Xmx2G -Xms100m -Xlog:disable -javaagent:c:\Users\WINDOWS 11\.vscode\extensions\redhat.java-1.53.0-win32-x64\lombok\lombok-1.18.39-4050.jar -XX:+HeapDumpOnOutOfMemoryError -XX:HeapDumpPath=c:\Users\WINDOWS 11\AppData\Roaming\Code\User\workspaceStorage\d3a88d71b7f6a1e49500e4d349ffea5f\redhat.java -Daether.dependencyCollector.impl=bf 
java_command: c:\Users\WINDOWS 11\.vscode\extensions\redhat.java-1.53.0-win32-x64\server\plugins\org.eclipse.equinox.launcher_1.7.100.v20251111-0406.jar -configuration c:\Users\WINDOWS 11\AppData\Roaming\Code\User\globalStorage\redhat.java\1.53.0\config_win -data c:\Users\WINDOWS 11\AppData\Roaming\Code\User\workspaceStorage\d3a88d71b7f6a1e49500e4d349ffea5f\redhat.java\jdt_ws --pipe=\\.\pipe\lsp-4d8270f00fab0991c505ce54841c8193-sock
java_class_path (initial): c:\Users\WINDOWS 11\.vscode\extensions\redhat.java-1.53.0-win32-x64\server\plugins\org.eclipse.equinox.launcher_1.7.100.v20251111-0406.jar
Launcher Type: SUN_STANDARD

[Global flags]
    uintx AdaptiveSizePolicyWeight                 = 90                                        {product} {command line}
     intx CICompilerCount                          = 3                                         {product} {ergonomic}
    uintx GCTimeRatio                              = 4                                         {product} {command line}
     bool HeapDumpOnOutOfMemoryError               = true                                   {manageable} {command line}
    ccstr HeapDumpPath                             = c:\Users\WINDOWS 11\AppData\Roaming\Code\User\workspaceStorage\d3a88d71b7f6a1e49500e4d349ffea5f\redhat.java         {manageable} {command line}
   size_t InitialHeapSize                          = 104857600                                 {product} {command line}
   size_t MaxHeapSize                              = 2147483648                                {product} {command line}
   size_t MaxNewSize                               = 715653120                                 {product} {ergonomic}
   size_t MinHeapDeltaBytes                        = 524288                                    {product} {ergonomic}
   size_t MinHeapSize                              = 104857600                                 {product} {command line}
   size_t NewSize                                  = 34603008                                  {product} {ergonomic}
    uintx NonNMethodCodeHeapSize                   = 5832780                                {pd product} {ergonomic}
    uintx NonProfiledCodeHeapSize                  = 122912730                              {pd product} {ergonomic}
   size_t OldSize                                  = 70254592                                  {product} {ergonomic}
    uintx ProfiledCodeHeapSize                     = 122912730                              {pd product} {ergonomic}
    uintx ReservedCodeCacheSize                    = 251658240                              {pd product} {ergonomic}
     bool SegmentedCodeCache                       = true                                      {product} {ergonomic}
   size_t SoftMaxHeapSize                          = 2147483648                             {manageable} {ergonomic}
     bool UseCompressedOops                        = true                           {product lp64_product} {ergonomic}
     bool UseLargePagesIndividualAllocation        = false                                  {pd product} {ergonomic}
     bool UseParallelGC                            = true                                      {product} {command line}

Logging:
Log output configuration:
 #0: stdout all=off uptime,level,tags foldmultilines=false
 #1: stderr all=off uptime,level,tags foldmultilines=false

Release file:
JAVA_VERSION="21.0.10" 
MODULES="java.base java.compiler java.datatransfer java.xml java.prefs java.desktop java.instrument java.logging java.management java.security.sasl java.naming java.rmi java.management.rmi java.net.http java.scripting java.security.jgss java.transaction.xa java.sql java.sql.rowset java.xml.crypto java.se java.smartcardio jdk.accessibility jdk.internal.jvmstat jdk.attach jdk.charsets jdk.internal.opt jdk.zipfs jdk.compiler jdk.crypto.ec jdk.crypto.cryptoki jdk.crypto.mscapi jdk.dynalink jdk.internal.ed jdk.editpad jdk.hotspot.agent jdk.httpserver jdk.internal.le jdk.internal.vm.ci jdk.internal.vm.compiler jdk.internal.vm.compiler.management jdk.jartool jdk.javadoc jdk.jcmd jdk.management jdk.management.agent jdk.jconsole jdk.jdeps jdk.jdwp.agent jdk.jdi jdk.jfr jdk.jshell jdk.jsobject jdk.jstatd jdk.localedata jdk.management.jfr jdk.naming.dns jdk.naming.rmi jdk.net jdk.nio.mapmode jdk.random jdk.sctp jdk.security.auth jdk.security.jgss jdk.unsupported jdk.unsupported.desktop jdk.xml.dom" 

Environment Variables:
PATH=F:\Microsoft VS Code;C:\Program Files\Common Files\Oracle\Java\javapath;C:\Program Files\Python311\Scripts\;C:\Program Files\Python311\;C:\Users\WINDOWS 11\AppData\Local\Android\Sdk;C:\ProgramData\Oracle\Java\javapath;C:\WINDOWS\system32;C:\WINDOWS;C:\WINDOWS\System32\Wbem;C:\WINDOWS\System32\WindowsPowerShell\v1.0\;C:\WINDOWS\System32\OpenSSH\;E:\php-8.2.12;C:\ProgramData\ComposerSetup\bin;C:\xampp\php;C:\Program Files\Git\cmd;C:\Program Files\PuTTY\;C:\Users\WINDOWS 11\Downloads\Programs\7-Zip;C:\Program Files\Docker\Docker\resources\bin;C:\Users\WINDOWS 11\AppData\Local\Programs\Python\Python313\Scripts;C:\Users\WINDOWS 11\AppData\Roaming\npm;F:\nodejs\;F:\npm-global;C:\laragon\bin\php\php-8.3.17-Win32-vs16-x64;C:\Program Files\cursor\resources\app\bin;C:\Program Files\Go\bin;C:\Users\WINDOWS 11\AppData\Local\Android\Sdk\platform-tools;C:\Program Files\PostgreSQL\18\bin;C:\Program Files\Java\jdk-17;C:\Program Files\Microsoft VS Code\bin;C:\Program Files\Common Files\Oracle\Java\javapath;C:\Program Files\Python311\Scripts\;C:\Program Files\Python311\;C:\Users\WINDOWS 11\AppData\Local\Android\Sdk;C:\ProgramData\Oracle\Java\javapath;C:\WINDOWS\system32;C:\WINDOWS;C:\WINDOWS\System32\Wbem;C:\WINDOWS\System32\WindowsPowerShell\v1.0\;C:\WINDOWS\System32\OpenSSH\;E:\php-8.2.12;C:\ProgramData\ComposerSetup\bin;C:\xampp\php;C:\Program Files\Git\cmd;C:\Program Files\PuTTY\;C:\Users\WINDOWS 11\Downloads\Programs\7-Zip;C:\Program Files\Docker\Docker\resources\bin;C:\Users\WINDOWS 11\AppData\Local\Programs\Python\Python313\Scripts;C:\Users\WINDOWS 11\AppData\Roaming\npm;F:\nodejs\;F:\npm-global;C:\laragon\bin\php\php-8.3.17-Win32-vs16-x64;C:\Program Files\cursor\resources\app\bin;C:\Program Files\Go\bin;C:\Users\WINDOWS 11\AppData\Local\Android\Sdk\platform-tools;C:\Program Files\PostgreSQL\18\bin;C:\Program Files\Java\jdk-17;C:\Users\WINDOWS 11\scoop\shims;C:\Users\WINDOWS 11\AppData\Local\Android\Sdk;C:\ProgramData\Oracle\Java\javapath;C:\WINDOWS\syste;C:\flutter\bin;F:\PubCache\bin;C:\AndroidSDK\platform-tools;F:\Microsoft VS Code\bin
USERNAME=WINDOWS 11
OS=Windows_NT
PROCESSOR_IDENTIFIER=AMD64 Family 23 Model 24 Stepping 1, AuthenticAMD
TMP=C:\Users\WINDOW~1\AppData\Local\Temp
TEMP=C:\Users\WINDOW~1\AppData\Local\Temp




Periodic native trim disabled

---------------  S Y S T E M  ---------------

OS:
 Windows 11 , 64 bit Build 22621 (10.0.22621.5415)
OS uptime: 3 days 8:21 hours
Hyper-V role detected

CPU: total 4 (initial active 4) (4 cores per cpu, 2 threads per core) family 23 model 24 stepping 1 microcode 0x0, cx8, cmov, fxsr, ht, mmx, 3dnowpref, sse, sse2, sse3, ssse3, sse4a, sse4.1, sse4.2, popcnt, lzcnt, tsc, tscinvbit, avx, avx2, aes, clmul, bmi1, bmi2, adx, sha, fma, vzeroupper, clflush, clflushopt, hv, rdtscp, f16c
Processor Information for the first 4 processors :
  Max Mhz: 2600, Current Mhz: 2600, Mhz Limit: 2600

Memory: 4k page, system-wide physical 6082M (371M free)
TotalPageFile size 24514M (AvailPageFile size 165M)
current process WorkingSet (physical memory assigned to process): 13M, peak: 298M
current process commit charge ("private bytes"): 407M, peak: 434M

vm_info: OpenJDK 64-Bit Server VM (21.0.10+7-LTS) for windows-amd64 JRE (21.0.10+7-LTS), built on 2026-01-20T00:00:00Z by "admin" with MS VC++ 17.12 (VS2022)

END.
